[ 2015-11-07T13:13:35+08:00 ] 127.0.0.1 /mymall/admin.php
INFO: [ app_init ] --START--
INFO: Run Behavior\BuildLiteBehavior [ RunTime:0.000023s ]
INFO: [ app_init ] --END-- [ RunTime:0.002475s ]
INFO: [ app_begin ] --START--
INFO: Run Behavior\ReadHtmlCacheBehavior [ RunTime:0.000613s ]
INFO: [ app_begin ] --END-- [ RunTime:0.000708s ]
SQL: SHOW COLUMNS FROM `my_menu` [ RunTime:0.0029s ]
ERR: 1054:Unknown column 'cid' in 'field list'
 [ SQL语句 ] : SELECT `cid`,`url`,`title` FROM `my_menu` WHERE `pid` = 0 AND `is_display` = 1 
ERR: 1054:Unknown column 'cid' in 'field list'
 [ SQL语句 ] : SELECT `cid`,`url`,`title` FROM `my_menu` WHERE `pid` = 0 AND `is_display` = 1 

[ 2015-11-07T13:13:43+08:00 ] 127.0.0.1 /mymall/admin.php
INFO: [ app_init ] --START--
INFO: Run Behavior\BuildLiteBehavior [ RunTime:0.000057s ]
INFO: [ app_init ] --END-- [ RunTime:0.001040s ]
INFO: [ app_begin ] --START--
INFO: Run Behavior\ReadHtmlCacheBehavior [ RunTime:0.001366s ]
INFO: [ app_begin ] --END-- [ RunTime:0.001563s ]
SQL: SHOW COLUMNS FROM `my_menu` [ RunTime:0.0029s ]
SQL: SELECT `id`,`url`,`title` FROM `my_menu` WHERE `pid` = 0 AND `is_display` = 1  [ RunTime:0.0002s ]
INFO: [ view_parse ] --START--
INFO: [ template_filter ] --START--
INFO: Run Behavior\ContentReplaceBehavior [ RunTime:0.000461s ]
INFO: [ template_filter ] --END-- [ RunTime:0.000536s ]
NOTIC: [8] Undefined variable: __MENU__ D:\wamp\www\mymall\Runtime\Cache\Admin\b595b808c2ebeeeb0478ffc30bb4e87a.php 第 33 行.
NOTIC: [8] Use of undefined constant ONETHINK_VERSION - assumed 'ONETHINK_VERSION' D:\wamp\www\mymall\Runtime\Cache\Admin\b595b808c2ebeeeb0478ffc30bb4e87a.php 第 89 行.
INFO: Run Behavior\ParseTemplateBehavior [ RunTime:0.031313s ]
INFO: [ view_parse ] --END-- [ RunTime:0.031524s ]
INFO: [ view_filter ] --START--
INFO: Run Behavior\WriteHtmlCacheBehavior [ RunTime:0.000648s ]
INFO: [ view_filter ] --END-- [ RunTime:0.000745s ]
INFO: [ app_end ] --START--
INFO: Run Behavior\ShowPageTraceBehavior [ RunTime:0.000847s ]
INFO: [ app_end ] --END-- [ RunTime:0.000929s ]

[ 2015-11-07T13:14:56+08:00 ] 127.0.0.1 /mymall/admin.php
INFO: [ app_init ] --START--
INFO: Run Behavior\BuildLiteBehavior [ RunTime:0.000068s ]
INFO: [ app_init ] --END-- [ RunTime:0.001417s ]
INFO: [ app_begin ] --START--
INFO: Run Behavior\ReadHtmlCacheBehavior [ RunTime:0.002001s ]
INFO: [ app_begin ] --END-- [ RunTime:0.002291s ]

[ 2015-11-07T13:15:08+08:00 ] 127.0.0.1 /mymall/admin.php
INFO: [ app_init ] --START--
INFO: Run Behavior\BuildLiteBehavior [ RunTime:0.000021s ]
INFO: [ app_init ] --END-- [ RunTime:0.000748s ]
INFO: [ app_begin ] --START--
INFO: Run Behavior\ReadHtmlCacheBehavior [ RunTime:0.000595s ]
INFO: [ app_begin ] --END-- [ RunTime:0.000681s ]

[ 2015-11-07T13:15:18+08:00 ] 127.0.0.1 /mymall/admin.php
INFO: [ app_init ] --START--
INFO: Run Behavior\BuildLiteBehavior [ RunTime:0.000040s ]
INFO: [ app_init ] --END-- [ RunTime:0.000764s ]
INFO: [ app_begin ] --START--
INFO: Run Behavior\ReadHtmlCacheBehavior [ RunTime:0.000821s ]
INFO: [ app_begin ] --END-- [ RunTime:0.000961s ]
SQL: SHOW COLUMNS FROM `my_menu` [ RunTime:0.0042s ]
SQL: SELECT `id`,`url`,`title` FROM `my_menu` WHERE `pid` = 0 AND `is_display` = 1  [ RunTime:0.0003s ]
INFO: [ view_parse ] --START--
INFO: [ template_filter ] --START--
INFO: Run Behavior\ContentReplaceBehavior [ RunTime:0.000132s ]
INFO: [ template_filter ] --END-- [ RunTime:0.000206s ]
NOTIC: [8] Undefined variable: __MENU__ D:\wamp\www\mymall\Runtime\Cache\Admin\b595b808c2ebeeeb0478ffc30bb4e87a.php 第 33 行.
NOTIC: [8] Use of undefined constant ONETHINK_VERSION - assumed 'ONETHINK_VERSION' D:\wamp\www\mymall\Runtime\Cache\Admin\b595b808c2ebeeeb0478ffc30bb4e87a.php 第 89 行.
INFO: Run Behavior\ParseTemplateBehavior [ RunTime:0.012244s ]
INFO: [ view_parse ] --END-- [ RunTime:0.012323s ]
INFO: [ view_filter ] --START--
INFO: Run Behavior\WriteHtmlCacheBehavior [ RunTime:0.000395s ]
INFO: [ view_filter ] --END-- [ RunTime:0.000456s ]
INFO: [ app_end ] --START--
INFO: Run Behavior\ShowPageTraceBehavior [ RunTime:0.000563s ]
INFO: [ app_end ] --END-- [ RunTime:0.000623s ]

[ 2015-11-07T13:16:35+08:00 ] 127.0.0.1 /mymall/admin.php
INFO: [ app_init ] --START--
INFO: Run Behavior\BuildLiteBehavior [ RunTime:0.000021s ]
INFO: [ app_init ] --END-- [ RunTime:0.000378s ]
INFO: [ app_begin ] --START--
INFO: Run Behavior\ReadHtmlCacheBehavior [ RunTime:0.000674s ]
INFO: [ app_begin ] --END-- [ RunTime:0.000768s ]
SQL: SHOW COLUMNS FROM `my_menu` [ RunTime:0.0029s ]
SQL: SELECT `id`,`url`,`title` FROM `my_menu` WHERE `pid` = 0 AND `is_display` = 1  [ RunTime:0.0002s ]
INFO: [ view_parse ] --START--
INFO: [ template_filter ] --START--
INFO: Run Behavior\ContentReplaceBehavior [ RunTime:0.000122s ]
INFO: [ template_filter ] --END-- [ RunTime:0.000180s ]
NOTIC: [8] Use of undefined constant __MENU__ - assumed '__MENU__' D:\wamp\www\mymall\Runtime\Cache\Admin\b595b808c2ebeeeb0478ffc30bb4e87a.php 第 33 行.
NOTIC: [8] Undefined variable: __MENU__ D:\wamp\www\mymall\Runtime\Cache\Admin\b595b808c2ebeeeb0478ffc30bb4e87a.php 第 34 行.
NOTIC: [8] Use of undefined constant ONETHINK_VERSION - assumed 'ONETHINK_VERSION' D:\wamp\www\mymall\Runtime\Cache\Admin\b595b808c2ebeeeb0478ffc30bb4e87a.php 第 90 行.
INFO: Run Behavior\ParseTemplateBehavior [ RunTime:0.009617s ]
INFO: [ view_parse ] --END-- [ RunTime:0.009682s ]
INFO: [ view_filter ] --START--
INFO: Run Behavior\WriteHtmlCacheBehavior [ RunTime:0.000326s ]
INFO: [ view_filter ] --END-- [ RunTime:0.000389s ]
INFO: [ app_end ] --START--
INFO: Run Behavior\ShowPageTraceBehavior [ RunTime:0.000641s ]
INFO: [ app_end ] --END-- [ RunTime:0.000709s ]

[ 2015-11-07T13:16:45+08:00 ] 127.0.0.1 /mymall/admin.php
INFO: [ app_init ] --START--
INFO: Run Behavior\BuildLiteBehavior [ RunTime:0.000039s ]
INFO: [ app_init ] --END-- [ RunTime:0.000827s ]
INFO: [ app_begin ] --START--
INFO: Run Behavior\ReadHtmlCacheBehavior [ RunTime:0.001278s ]
INFO: [ app_begin ] --END-- [ RunTime:0.001498s ]
SQL: SHOW COLUMNS FROM `my_menu` [ RunTime:0.0039s ]
SQL: SELECT `id`,`url`,`title` FROM `my_menu` WHERE `pid` = 0 AND `is_display` = 1  [ RunTime:0.0007s ]
INFO: [ view_parse ] --START--
INFO: [ template_filter ] --START--
INFO: Run Behavior\ContentReplaceBehavior [ RunTime:0.000142s ]
INFO: [ template_filter ] --END-- [ RunTime:0.000220s ]
NOTIC: [8] Use of undefined constant __MENU__ - assumed '__MENU__' D:\wamp\www\mymall\Runtime\Cache\Admin\b595b808c2ebeeeb0478ffc30bb4e87a.php 第 33 行.
NOTIC: [8] Use of undefined constant ONETHINK_VERSION - assumed 'ONETHINK_VERSION' D:\wamp\www\mymall\Runtime\Cache\Admin\b595b808c2ebeeeb0478ffc30bb4e87a.php 第 90 行.
INFO: Run Behavior\ParseTemplateBehavior [ RunTime:0.011180s ]
INFO: [ view_parse ] --END-- [ RunTime:0.011302s ]
INFO: [ view_filter ] --START--
INFO: Run Behavior\WriteHtmlCacheBehavior [ RunTime:0.000391s ]
INFO: [ view_filter ] --END-- [ RunTime:0.000450s ]
INFO: [ app_end ] --START--
INFO: Run Behavior\ShowPageTraceBehavior [ RunTime:0.000551s ]
INFO: [ app_end ] --END-- [ RunTime:0.000612s ]

[ 2015-11-07T13:16:59+08:00 ] 127.0.0.1 /mymall/admin.php
INFO: [ app_init ] --START--
INFO: Run Behavior\BuildLiteBehavior [ RunTime:0.000039s ]
INFO: [ app_init ] --END-- [ RunTime:0.000775s ]
INFO: [ app_begin ] --START--
INFO: Run Behavior\ReadHtmlCacheBehavior [ RunTime:0.000919s ]
INFO: [ app_begin ] --END-- [ RunTime:0.001071s ]
SQL: SHOW COLUMNS FROM `my_menu` [ RunTime:0.0032s ]
SQL: SELECT `id`,`url`,`title` FROM `my_menu` WHERE `pid` = 0 AND `is_display` = 1  [ RunTime:0.0003s ]
INFO: [ view_parse ] --START--
INFO: [ template_filter ] --START--
INFO: Run Behavior\ContentReplaceBehavior [ RunTime:0.000166s ]
INFO: [ template_filter ] --END-- [ RunTime:0.000246s ]
NOTIC: [8] Use of undefined constant ONETHINK_VERSION - assumed 'ONETHINK_VERSION' D:\wamp\www\mymall\Runtime\Cache\Admin\b595b808c2ebeeeb0478ffc30bb4e87a.php 第 89 行.
INFO: Run Behavior\ParseTemplateBehavior [ RunTime:0.011159s ]
INFO: [ view_parse ] --END-- [ RunTime:0.011237s ]
INFO: [ view_filter ] --START--
INFO: Run Behavior\WriteHtmlCacheBehavior [ RunTime:0.000283s ]
INFO: [ view_filter ] --END-- [ RunTime:0.000354s ]
INFO: [ app_end ] --START--
INFO: Run Behavior\ShowPageTraceBehavior [ RunTime:0.000605s ]
INFO: [ app_end ] --END-- [ RunTime:0.000683s ]

[ 2015-11-07T13:17:01+08:00 ] 127.0.0.1 /mymall/admin.php?s=/Site/index.html
INFO: [ app_init ] --START--
INFO: Run Behavior\BuildLiteBehavior [ RunTime:0.000023s ]
INFO: [ app_init ] --END-- [ RunTime:0.000535s ]
INFO: [ app_begin ] --START--
INFO: Run Behavior\ReadHtmlCacheBehavior [ RunTime:0.000577s ]
INFO: [ app_begin ] --END-- [ RunTime:0.000679s ]
ERR: 无法加载控制器:Site

[ 2015-11-07T13:19:16+08:00 ] 127.0.0.1 /mymall/admin.php?s=/Site/index.html
INFO: [ app_init ] --START--
INFO: Run Behavior\BuildLiteBehavior [ RunTime:0.000023s ]
INFO: [ app_init ] --END-- [ RunTime:0.000554s ]
INFO: [ app_begin ] --START--
INFO: Run Behavior\ReadHtmlCacheBehavior [ RunTime:0.000679s ]
INFO: [ app_begin ] --END-- [ RunTime:0.000770s ]
SQL: SHOW COLUMNS FROM `my_menu` [ RunTime:0.0029s ]
SQL: SELECT `id`,`url`,`title` FROM `my_menu` WHERE `pid` = 0 AND `is_display` = 1  [ RunTime:0.0002s ]
INFO: [ view_parse ] --START--
INFO: [ template_filter ] --START--
INFO: Run Behavior\ContentReplaceBehavior [ RunTime:0.000186s ]
INFO: [ template_filter ] --END-- [ RunTime:0.000270s ]
NOTIC: [8] Undefined variable: meta_title D:\wamp\www\mymall\Runtime\Cache\Admin\857b1a6610f546bd792cb0f882368043.php 第 5 行.
NOTIC: [8] Undefined index: child D:\wamp\www\mymall\Runtime\Cache\Admin\857b1a6610f546bd792cb0f882368043.php 第 53 行.
NOTIC: [8] Undefined variable: group D:\wamp\www\mymall\Runtime\Cache\Admin\857b1a6610f546bd792cb0f882368043.php 第 89 行.
NOTIC: [8] Undefined variable: _page D:\wamp\www\mymall\Runtime\Cache\Admin\857b1a6610f546bd792cb0f882368043.php 第 140 行.
NOTIC: [8] Use of undefined constant ONETHINK_VERSION - assumed 'ONETHINK_VERSION' D:\wamp\www\mymall\Runtime\Cache\Admin\857b1a6610f546bd792cb0f882368043.php 第 148 行.
INFO: Run Behavior\ParseTemplateBehavior [ RunTime:0.015122s ]
INFO: [ view_parse ] --END-- [ RunTime:0.015188s ]
INFO: [ view_filter ] --START--
INFO: Run Behavior\WriteHtmlCacheBehavior [ RunTime:0.000383s ]
INFO: [ view_filter ] --END-- [ RunTime:0.000442s ]
INFO: [ app_end ] --START--
INFO: Run Behavior\ShowPageTraceBehavior [ RunTime:0.000600s ]
INFO: [ app_end ] --END-- [ RunTime:0.000661s ]

[ 2015-11-07T13:19:17+08:00 ] 127.0.0.1 /mymall/admin.php?s=/Site/index.html
INFO: [ app_init ] --START--
INFO: Run Behavior\BuildLiteBehavior [ RunTime:0.000041s ]
INFO: [ app_init ] --END-- [ RunTime:0.000906s ]
INFO: [ app_begin ] --START--
INFO: Run Behavior\ReadHtmlCacheBehavior [ RunTime:0.001203s ]
INFO: [ app_begin ] --END-- [ RunTime:0.001389s ]
SQL: SHOW COLUMNS FROM `my_menu` [ RunTime:0.0075s ]
SQL: SELECT `id`,`url`,`title` FROM `my_menu` WHERE `pid` = 0 AND `is_display` = 1  [ RunTime:0.0005s ]
INFO: [ view_parse ] --START--
INFO: [ template_filter ] --START--
INFO: Run Behavior\ContentReplaceBehavior [ RunTime:0.000416s ]
INFO: [ template_filter ] --END-- [ RunTime:0.000574s ]
NOTIC: [8] Undefined variable: meta_title D:\wamp\www\mymall\Runtime\Cache\Admin\857b1a6610f546bd792cb0f882368043.php 第 5 行.
NOTIC: [8] Undefined index: child D:\wamp\www\mymall\Runtime\Cache\Admin\857b1a6610f546bd792cb0f882368043.php 第 53 行.
NOTIC: [8] Undefined variable: group D:\wamp\www\mymall\Runtime\Cache\Admin\857b1a6610f546bd792cb0f882368043.php 第 89 行.
NOTIC: [8] Undefined variable: _page D:\wamp\www\mymall\Runtime\Cache\Admin\857b1a6610f546bd792cb0f882368043.php 第 140 行.
NOTIC: [8] Use of undefined constant ONETHINK_VERSION - assumed 'ONETHINK_VERSION' D:\wamp\www\mymall\Runtime\Cache\Admin\857b1a6610f546bd792cb0f882368043.php 第 148 行.
INFO: Run Behavior\ParseTemplateBehavior [ RunTime:0.036163s ]
INFO: [ view_parse ] --END-- [ RunTime:0.036317s ]
INFO: [ view_filter ] --START--
INFO: Run Behavior\WriteHtmlCacheBehavior [ RunTime:0.000824s ]
INFO: [ view_filter ] --END-- [ RunTime:0.000965s ]
INFO: [ app_end ] --START--
INFO: Run Behavior\ShowPageTraceBehavior [ RunTime:0.001309s ]
INFO: [ app_end ] --END-- [ RunTime:0.001515s ]

[ 2015-11-07T13:19:17+08:00 ] 127.0.0.1 /mymall/admin.php?s=/Site/index.html
INFO: [ app_init ] --START--
INFO: Run Behavior\BuildLiteBehavior [ RunTime:0.000070s ]
INFO: [ app_init ] --END-- [ RunTime:0.001126s ]
INFO: [ app_begin ] --START--
INFO: Run Behavior\ReadHtmlCacheBehavior [ RunTime:0.001056s ]
INFO: [ app_begin ] --END-- [ RunTime:0.001206s ]
SQL: SHOW COLUMNS FROM `my_menu` [ RunTime:0.0043s ]
SQL: SELECT `id`,`url`,`title` FROM `my_menu` WHERE `pid` = 0 AND `is_display` = 1  [ RunTime:0.0002s ]
INFO: [ view_parse ] --START--
INFO: [ template_filter ] --START--
INFO: Run Behavior\ContentReplaceBehavior [ RunTime:0.000165s ]
INFO: [ template_filter ] --END-- [ RunTime:0.000233s ]
NOTIC: [8] Undefined variable: meta_title D:\wamp\www\mymall\Runtime\Cache\Admin\857b1a6610f546bd792cb0f882368043.php 第 5 行.
NOTIC: [8] Undefined index: child D:\wamp\www\mymall\Runtime\Cache\Admin\857b1a6610f546bd792cb0f882368043.php 第 53 行.
NOTIC: [8] Undefined variable: group D:\wamp\www\mymall\Runtime\Cache\Admin\857b1a6610f546bd792cb0f882368043.php 第 89 行.
NOTIC: [8] Undefined variable: _page D:\wamp\www\mymall\Runtime\Cache\Admin\857b1a6610f546bd792cb0f882368043.php 第 140 行.
NOTIC: [8] Use of undefined constant ONETHINK_VERSION - assumed 'ONETHINK_VERSION' D:\wamp\www\mymall\Runtime\Cache\Admin\857b1a6610f546bd792cb0f882368043.php 第 148 行.
INFO: Run Behavior\ParseTemplateBehavior [ RunTime:0.015236s ]
INFO: [ view_parse ] --END-- [ RunTime:0.015298s ]
INFO: [ view_filter ] --START--
INFO: Run Behavior\WriteHtmlCacheBehavior [ RunTime:0.000411s ]
INFO: [ view_filter ] --END-- [ RunTime:0.000469s ]
INFO: [ app_end ] --START--
INFO: Run Behavior\ShowPageTraceBehavior [ RunTime:0.000559s ]
INFO: [ app_end ] --END-- [ RunTime:0.000618s ]

[ 2015-11-07T13:19:18+08:00 ] 127.0.0.1 /mymall/admin.php?s=/Site/index.html
INFO: [ app_init ] --START--
INFO: Run Behavior\BuildLiteBehavior [ RunTime:0.000065s ]
INFO: [ app_init ] --END-- [ RunTime:0.000721s ]
INFO: [ app_begin ] --START--
INFO: Run Behavior\ReadHtmlCacheBehavior [ RunTime:0.001385s ]
INFO: [ app_begin ] --END-- [ RunTime:0.001606s ]
SQL: SHOW COLUMNS FROM `my_menu` [ RunTime:0.0059s ]
SQL: SELECT `id`,`url`,`title` FROM `my_menu` WHERE `pid` = 0 AND `is_display` = 1  [ RunTime:0.0003s ]
INFO: [ view_parse ] --START--
INFO: [ template_filter ] --START--
INFO: Run Behavior\ContentReplaceBehavior [ RunTime:0.000266s ]
INFO: [ template_filter ] --END-- [ RunTime:0.000405s ]
NOTIC: [8] Undefined variable: meta_title D:\wamp\www\mymall\Runtime\Cache\Admin\857b1a6610f546bd792cb0f882368043.php 第 5 行.
NOTIC: [8] Undefined index: child D:\wamp\www\mymall\Runtime\Cache\Admin\857b1a6610f546bd792cb0f882368043.php 第 53 行.
NOTIC: [8] Undefined variable: group D:\wamp\www\mymall\Runtime\Cache\Admin\857b1a6610f546bd792cb0f882368043.php 第 89 行.
NOTIC: [8] Undefined variable: _page D:\wamp\www\mymall\Runtime\Cache\Admin\857b1a6610f546bd792cb0f882368043.php 第 140 行.
NOTIC: [8] Use of undefined constant ONETHINK_VERSION - assumed 'ONETHINK_VERSION' D:\wamp\www\mymall\Runtime\Cache\Admin\857b1a6610f546bd792cb0f882368043.php 第 148 行.
INFO: Run Behavior\ParseTemplateBehavior [ RunTime:0.021568s ]
INFO: [ view_parse ] --END-- [ RunTime:0.021662s ]
INFO: [ view_filter ] --START--
INFO: Run Behavior\WriteHtmlCacheBehavior [ RunTime:0.001092s ]
INFO: [ view_filter ] --END-- [ RunTime:0.001207s ]
INFO: [ app_end ] --START--
INFO: Run Behavior\ShowPageTraceBehavior [ RunTime:0.001014s ]
INFO: [ app_end ] --END-- [ RunTime:0.001106s ]

[ 2015-11-07T13:19:18+08:00 ] 127.0.0.1 /mymall/admin.php?s=/Site/index.html
INFO: [ app_init ] --START--
INFO: Run Behavior\BuildLiteBehavior [ RunTime:0.000073s ]
INFO: [ app_init ] --END-- [ RunTime:0.000780s ]
INFO: [ app_begin ] --START--
INFO: Run Behavior\ReadHtmlCacheBehavior [ RunTime:0.000622s ]
INFO: [ app_begin ] --END-- [ RunTime:0.000719s ]
SQL: SHOW COLUMNS FROM `my_menu` [ RunTime:0.0057s ]
SQL: SELECT `id`,`url`,`title` FROM `my_menu` WHERE `pid` = 0 AND `is_display` = 1  [ RunTime:0.0002s ]
INFO: [ view_parse ] --START--
INFO: [ template_filter ] --START--
INFO: Run Behavior\ContentReplaceBehavior [ RunTime:0.000208s ]
INFO: [ template_filter ] --END-- [ RunTime:0.000283s ]
NOTIC: [8] Undefined variable: meta_title D:\wamp\www\mymall\Runtime\Cache\Admin\857b1a6610f546bd792cb0f882368043.php 第 5 行.
NOTIC: [8] Undefined index: child D:\wamp\www\mymall\Runtime\Cache\Admin\857b1a6610f546bd792cb0f882368043.php 第 53 行.
NOTIC: [8] Undefined variable: group D:\wamp\www\mymall\Runtime\Cache\Admin\857b1a6610f546bd792cb0f882368043.php 第 89 行.
NOTIC: [8] Undefined variable: _page D:\wamp\www\mymall\Runtime\Cache\Admin\857b1a6610f546bd792cb0f882368043.php 第 140 行.
NOTIC: [8] Use of undefined constant ONETHINK_VERSION - assumed 'ONETHINK_VERSION' D:\wamp\www\mymall\Runtime\Cache\Admin\857b1a6610f546bd792cb0f882368043.php 第 148 行.
INFO: Run Behavior\ParseTemplateBehavior [ RunTime:0.024928s ]
INFO: [ view_parse ] --END-- [ RunTime:0.025014s ]
INFO: [ view_filter ] --START--
INFO: Run Behavior\WriteHtmlCacheBehavior [ RunTime:0.000780s ]
INFO: [ view_filter ] --END-- [ RunTime:0.000870s ]
INFO: [ app_end ] --START--
INFO: Run Behavior\ShowPageTraceBehavior [ RunTime:0.001438s ]
INFO: [ app_end ] --END-- [ RunTime:0.001530s ]

[ 2015-11-07T13:19:18+08:00 ] 127.0.0.1 /mymall/admin.php?s=/Site/index.html
INFO: [ app_init ] --START--
INFO: Run Behavior\BuildLiteBehavior [ RunTime:0.000021s ]
INFO: [ app_init ] --END-- [ RunTime:0.000813s ]
INFO: [ app_begin ] --START--
INFO: Run Behavior\ReadHtmlCacheBehavior [ RunTime:0.001197s ]
INFO: [ app_begin ] --END-- [ RunTime:0.001562s ]
SQL: SHOW COLUMNS FROM `my_menu` [ RunTime:0.0067s ]
SQL: SELECT `id`,`url`,`title` FROM `my_menu` WHERE `pid` = 0 AND `is_display` = 1  [ RunTime:0.0002s ]
INFO: [ view_parse ] --START--
INFO: [ template_filter ] --START--
INFO: Run Behavior\ContentReplaceBehavior [ RunTime:0.000323s ]
INFO: [ template_filter ] --END-- [ RunTime:0.000546s ]
NOTIC: [8] Undefined variable: meta_title D:\wamp\www\mymall\Runtime\Cache\Admin\857b1a6610f546bd792cb0f882368043.php 第 5 行.
NOTIC: [8] Undefined index: child D:\wamp\www\mymall\Runtime\Cache\Admin\857b1a6610f546bd792cb0f882368043.php 第 53 行.
NOTIC: [8] Undefined variable: group D:\wamp\www\mymall\Runtime\Cache\Admin\857b1a6610f546bd792cb0f882368043.php 第 89 行.
NOTIC: [8] Undefined variable: _page D:\wamp\www\mymall\Runtime\Cache\Admin\857b1a6610f546bd792cb0f882368043.php 第 140 行.
NOTIC: [8] Use of undefined constant ONETHINK_VERSION - assumed 'ONETHINK_VERSION' D:\wamp\www\mymall\Runtime\Cache\Admin\857b1a6610f546bd792cb0f882368043.php 第 148 行.
INFO: Run Behavior\ParseTemplateBehavior [ RunTime:0.020834s ]
INFO: [ view_parse ] --END-- [ RunTime:0.020903s ]
INFO: [ view_filter ] --START--
INFO: Run Behavior\WriteHtmlCacheBehavior [ RunTime:0.000340s ]
INFO: [ view_filter ] --END-- [ RunTime:0.000396s ]
INFO: [ app_end ] --START--
INFO: Run Behavior\ShowPageTraceBehavior [ RunTime:0.000496s ]
INFO: [ app_end ] --END-- [ RunTime:0.000557s ]

[ 2015-11-07T13:23:19+08:00 ] 127.0.0.1 /mymall/admin.php?s=/Site/index.html
INFO: [ app_init ] --START--
INFO: Run Behavior\BuildLiteBehavior [ RunTime:0.000032s ]
INFO: [ app_init ] --END-- [ RunTime:0.000723s ]
INFO: [ app_begin ] --START--
INFO: Run Behavior\ReadHtmlCacheBehavior [ RunTime:0.000793s ]
INFO: [ app_begin ] --END-- [ RunTime:0.000903s ]
ERR: 无法加载控制器:Site

[ 2015-11-07T13:23:21+08:00 ] 127.0.0.1 /mymall/admin.php
INFO: [ app_init ] --START--
INFO: Run Behavior\BuildLiteBehavior [ RunTime:0.000036s ]
INFO: [ app_init ] --END-- [ RunTime:0.000906s ]
INFO: [ app_begin ] --START--
INFO: Run Behavior\ReadHtmlCacheBehavior [ RunTime:0.000928s ]
INFO: [ app_begin ] --END-- [ RunTime:0.001081s ]
SQL: SHOW COLUMNS FROM `my_menu` [ RunTime:0.0045s ]
SQL: SELECT `id`,`url`,`title` FROM `my_menu` WHERE `pid` = 0 AND `is_display` = 1  [ RunTime:0.0003s ]
INFO: [ view_parse ] --START--
INFO: [ template_filter ] --START--
INFO: Run Behavior\ContentReplaceBehavior [ RunTime:0.000227s ]
INFO: [ template_filter ] --END-- [ RunTime:0.000371s ]
NOTIC: [8] Use of undefined constant ONETHINK_VERSION - assumed 'ONETHINK_VERSION' D:\wamp\www\mymall\Runtime\Cache\Admin\b595b808c2ebeeeb0478ffc30bb4e87a.php 第 89 行.
INFO: Run Behavior\ParseTemplateBehavior [ RunTime:0.013012s ]
INFO: [ view_parse ] --END-- [ RunTime:0.013084s ]
INFO: [ view_filter ] --START--
INFO: Run Behavior\WriteHtmlCacheBehavior [ RunTime:0.000395s ]
INFO: [ view_filter ] --END-- [ RunTime:0.000455s ]
INFO: [ app_end ] --START--
INFO: Run Behavior\ShowPageTraceBehavior [ RunTime:0.000599s ]
INFO: [ app_end ] --END-- [ RunTime:0.000658s ]

[ 2015-11-07T13:23:21+08:00 ] 127.0.0.1 /mymall/admin.php?s=/Config/index.html
INFO: [ app_init ] --START--
INFO: Run Behavior\BuildLiteBehavior [ RunTime:0.000025s ]
INFO: [ app_init ] --END-- [ RunTime:0.000473s ]
INFO: [ app_begin ] --START--
INFO: Run Behavior\ReadHtmlCacheBehavior [ RunTime:0.000719s ]
INFO: [ app_begin ] --END-- [ RunTime:0.000814s ]
SQL: SHOW COLUMNS FROM `my_menu` [ RunTime:0.0033s ]
SQL: SELECT `id`,`url`,`title` FROM `my_menu` WHERE `pid` = 0 AND `is_display` = 1  [ RunTime:0.0003s ]
INFO: [ view_parse ] --START--
INFO: [ template_filter ] --START--
INFO: Run Behavior\ContentReplaceBehavior [ RunTime:0.000236s ]
INFO: [ template_filter ] --END-- [ RunTime:0.000327s ]
NOTIC: [8] Undefined variable: meta_title D:\wamp\www\mymall\Runtime\Cache\Admin\9bb5e7ead1bbec7c3d970a481af28a6e.php 第 5 行.
NOTIC: [8] Undefined index: child D:\wamp\www\mymall\Runtime\Cache\Admin\9bb5e7ead1bbec7c3d970a481af28a6e.php 第 53 行.
NOTIC: [8] Undefined variable: group D:\wamp\www\mymall\Runtime\Cache\Admin\9bb5e7ead1bbec7c3d970a481af28a6e.php 第 89 行.
NOTIC: [8] Undefined variable: _page D:\wamp\www\mymall\Runtime\Cache\Admin\9bb5e7ead1bbec7c3d970a481af28a6e.php 第 140 行.
NOTIC: [8] Use of undefined constant ONETHINK_VERSION - assumed 'ONETHINK_VERSION' D:\wamp\www\mymall\Runtime\Cache\Admin\9bb5e7ead1bbec7c3d970a481af28a6e.php 第 148 行.
INFO: Run Behavior\ParseTemplateBehavior [ RunTime:0.022624s ]
INFO: [ view_parse ] --END-- [ RunTime:0.022710s ]
INFO: [ view_filter ] --START--
INFO: Run Behavior\WriteHtmlCacheBehavior [ RunTime:0.000491s ]
INFO: [ view_filter ] --END-- [ RunTime:0.000568s ]
INFO: [ app_end ] --START--
INFO: Run Behavior\ShowPageTraceBehavior [ RunTime:0.000693s ]
INFO: [ app_end ] --END-- [ RunTime:0.000771s ]

[ 2015-11-07T13:23:49+08:00 ] 127.0.0.1 /mymall/admin.php?s=/Config/index.html
INFO: [ app_init ] --START--
INFO: Run Behavior\BuildLiteBehavior [ RunTime:0.000055s ]
INFO: [ app_init ] --END-- [ RunTime:0.001020s ]
INFO: [ app_begin ] --START--
INFO: Run Behavior\ReadHtmlCacheBehavior [ RunTime:0.000716s ]
INFO: [ app_begin ] --END-- [ RunTime:0.000836s ]
SQL: SHOW COLUMNS FROM `my_menu` [ RunTime:0.0030s ]
SQL: SELECT `id`,`url`,`title` FROM `my_menu` WHERE `pid` = 0 AND `is_display` = 1  [ RunTime:0.0005s ]

[ 2015-11-07T13:24:00+08:00 ] 127.0.0.1 /mymall/admin.php?s=/Config/index.html
INFO: [ app_init ] --START--
INFO: Run Behavior\BuildLiteBehavior [ RunTime:0.000066s ]
INFO: [ app_init ] --END-- [ RunTime:0.000897s ]
INFO: [ app_begin ] --START--
INFO: Run Behavior\ReadHtmlCacheBehavior [ RunTime:0.000694s ]
INFO: [ app_begin ] --END-- [ RunTime:0.000802s ]
SQL: SHOW COLUMNS FROM `my_menu` [ RunTime:0.0047s ]
SQL: SELECT `id`,`url`,`title` FROM `my_menu` WHERE `pid` = 0 AND `is_display` = 1  [ RunTime:0.0006s ]

[ 2015-11-07T13:24:48+08:00 ] 127.0.0.1 /mymall/admin.php?s=/Config/index.html
INFO: [ app_init ] --START--
INFO: Run Behavior\BuildLiteBehavior [ RunTime:0.000074s ]
INFO: [ app_init ] --END-- [ RunTime:0.001155s ]
INFO: [ app_begin ] --START--
INFO: Run Behavior\ReadHtmlCacheBehavior [ RunTime:0.001171s ]
INFO: [ app_begin ] --END-- [ RunTime:0.001357s ]
SQL: SHOW COLUMNS FROM `my_menu` [ RunTime:0.0037s ]
SQL: SELECT `id`,`url`,`title` FROM `my_menu` WHERE `pid` = 0 AND `is_display` = 1  [ RunTime:0.0003s ]

[ 2015-11-07T15:15:03+08:00 ] 127.0.0.1 /mymall/admin.php?s=/Config/index.html
INFO: [ app_init ] --START--
INFO: Run Behavior\BuildLiteBehavior [ RunTime:0.000024s ]
INFO: [ app_init ] --END-- [ RunTime:0.000566s ]
INFO: [ app_begin ] --START--
INFO: Run Behavior\ReadHtmlCacheBehavior [ RunTime:0.000664s ]
INFO: [ app_begin ] --END-- [ RunTime:0.000755s ]
SQL: SHOW COLUMNS FROM `my_menu` [ RunTime:0.0048s ]
SQL: SELECT `id`,`url`,`title` FROM `my_menu` WHERE `pid` = 0 AND `is_display` = 1  [ RunTime:0.0003s ]
INFO: [ view_parse ] --START--
INFO: [ template_filter ] --START--
INFO: Run Behavior\ContentReplaceBehavior [ RunTime:0.000185s ]
INFO: [ template_filter ] --END-- [ RunTime:0.000332s ]
NOTIC: [8] Undefined variable: meta_title D:\wamp\www\mymall\Runtime\Cache\Admin\9bb5e7ead1bbec7c3d970a481af28a6e.php 第 5 行.
NOTIC: [8] Undefined index: child D:\wamp\www\mymall\Runtime\Cache\Admin\9bb5e7ead1bbec7c3d970a481af28a6e.php 第 53 行.
NOTIC: [8] Undefined variable: group D:\wamp\www\mymall\Runtime\Cache\Admin\9bb5e7ead1bbec7c3d970a481af28a6e.php 第 89 行.
NOTIC: [8] Undefined variable: _page D:\wamp\www\mymall\Runtime\Cache\Admin\9bb5e7ead1bbec7c3d970a481af28a6e.php 第 140 行.
NOTIC: [8] Use of undefined constant ONETHINK_VERSION - assumed 'ONETHINK_VERSION' D:\wamp\www\mymall\Runtime\Cache\Admin\9bb5e7ead1bbec7c3d970a481af28a6e.php 第 148 行.
INFO: Run Behavior\ParseTemplateBehavior [ RunTime:0.018243s ]
INFO: [ view_parse ] --END-- [ RunTime:0.018317s ]
INFO: [ view_filter ] --START--
INFO: Run Behavior\WriteHtmlCacheBehavior [ RunTime:0.000335s ]
INFO: [ view_filter ] --END-- [ RunTime:0.000390s ]
INFO: [ app_end ] --START--
INFO: Run Behavior\ShowPageTraceBehavior [ RunTime:0.000506s ]
INFO: [ app_end ] --END-- [ RunTime:0.000566s ]

[ 2015-11-07T15:15:32+08:00 ] 127.0.0.1 /mymall/admin.php?s=/Config/index.html
INFO: [ app_init ] --START--
INFO: Run Behavior\BuildLiteBehavior [ RunTime:0.000055s ]
INFO: [ app_init ] --END-- [ RunTime:0.000914s ]
INFO: [ app_begin ] --START--
INFO: Run Behavior\ReadHtmlCacheBehavior [ RunTime:0.001267s ]
INFO: [ app_begin ] --END-- [ RunTime:0.001434s ]

[ 2015-11-07T15:15:49+08:00 ] 127.0.0.1 /mymall/admin.php?s=/Config/index.html
INFO: [ app_init ] --START--
INFO: Run Behavior\BuildLiteBehavior [ RunTime:0.000018s ]
INFO: [ app_init ] --END-- [ RunTime:0.000342s ]
INFO: [ app_begin ] --START--
INFO: Run Behavior\ReadHtmlCacheBehavior [ RunTime:0.000407s ]
INFO: [ app_begin ] --END-- [ RunTime:0.000474s ]
SQL: SHOW COLUMNS FROM `my_menu` [ RunTime:0.0031s ]
SQL: SELECT `id`,`url`,`title` FROM `my_menu` WHERE `pid` = 0 AND `is_display` = 1  [ RunTime:0.0004s ]
INFO: [ view_parse ] --START--
INFO: [ template_filter ] --START--
INFO: Run Behavior\ContentReplaceBehavior [ RunTime:0.000162s ]
INFO: [ template_filter ] --END-- [ RunTime:0.000231s ]
NOTIC: [8] Undefined variable: meta_title D:\wamp\www\mymall\Runtime\Cache\Admin\9bb5e7ead1bbec7c3d970a481af28a6e.php 第 5 行.
NOTIC: [8] Undefined index: child D:\wamp\www\mymall\Runtime\Cache\Admin\9bb5e7ead1bbec7c3d970a481af28a6e.php 第 53 行.
NOTIC: [8] Undefined variable: group D:\wamp\www\mymall\Runtime\Cache\Admin\9bb5e7ead1bbec7c3d970a481af28a6e.php 第 89 行.
NOTIC: [8] Undefined variable: _page D:\wamp\www\mymall\Runtime\Cache\Admin\9bb5e7ead1bbec7c3d970a481af28a6e.php 第 140 行.
NOTIC: [8] Use of undefined constant ONETHINK_VERSION - assumed 'ONETHINK_VERSION' D:\wamp\www\mymall\Runtime\Cache\Admin\9bb5e7ead1bbec7c3d970a481af28a6e.php 第 148 行.
INFO: Run Behavior\ParseTemplateBehavior [ RunTime:0.015760s ]
INFO: [ view_parse ] --END-- [ RunTime:0.015833s ]
INFO: [ view_filter ] --START--
INFO: Run Behavior\WriteHtmlCacheBehavior [ RunTime:0.000383s ]
INFO: [ view_filter ] --END-- [ RunTime:0.000438s ]
INFO: [ app_end ] --START--
INFO: Run Behavior\ShowPageTraceBehavior [ RunTime:0.000563s ]
INFO: [ app_end ] --END-- [ RunTime:0.000661s ]

[ 2015-11-07T15:17:29+08:00 ] 127.0.0.1 /mymall/admin.php?s=/Config/index.html
INFO: [ app_init ] --START--
INFO: Run Behavior\BuildLiteBehavior [ RunTime:0.000054s ]
INFO: [ app_init ] --END-- [ RunTime:0.001034s ]
INFO: [ app_begin ] --START--
INFO: Run Behavior\ReadHtmlCacheBehavior [ RunTime:0.000754s ]
INFO: [ app_begin ] --END-- [ RunTime:0.000865s ]
SQL: SHOW COLUMNS FROM `my_menu` [ RunTime:0.0049s ]
SQL: SELECT `id`,`url`,`title` FROM `my_menu` WHERE `pid` = 0 AND `is_display` = 1  [ RunTime:0.0008s ]
SQL: SELECT `id`,`url`,`title` FROM `my_menu` WHERE `pid` = 1 AND `is_display` = 1  [ RunTime:0.0003s ]
INFO: [ view_parse ] --START--
INFO: [ template_filter ] --START--
INFO: Run Behavior\ContentReplaceBehavior [ RunTime:0.000275s ]
INFO: [ template_filter ] --END-- [ RunTime:0.000381s ]
NOTIC: [8] Undefined variable: meta_title D:\wamp\www\mymall\Runtime\Cache\Admin\9bb5e7ead1bbec7c3d970a481af28a6e.php 第 5 行.
NOTIC: [8] Undefined index: child D:\wamp\www\mymall\Runtime\Cache\Admin\9bb5e7ead1bbec7c3d970a481af28a6e.php 第 53 行.
NOTIC: [8] Undefined variable: group D:\wamp\www\mymall\Runtime\Cache\Admin\9bb5e7ead1bbec7c3d970a481af28a6e.php 第 89 行.
NOTIC: [8] Undefined variable: _page D:\wamp\www\mymall\Runtime\Cache\Admin\9bb5e7ead1bbec7c3d970a481af28a6e.php 第 140 行.
NOTIC: [8] Use of undefined constant ONETHINK_VERSION - assumed 'ONETHINK_VERSION' D:\wamp\www\mymall\Runtime\Cache\Admin\9bb5e7ead1bbec7c3d970a481af28a6e.php 第 148 行.
INFO: Run Behavior\ParseTemplateBehavior [ RunTime:0.022908s ]
INFO: [ view_parse ] --END-- [ RunTime:0.023000s ]
INFO: [ view_filter ] --START--
INFO: Run Behavior\WriteHtmlCacheBehavior [ RunTime:0.000453s ]
INFO: [ view_filter ] --END-- [ RunTime:0.000527s ]
INFO: [ app_end ] --START--
INFO: Run Behavior\ShowPageTraceBehavior [ RunTime:0.000632s ]
INFO: [ app_end ] --END-- [ RunTime:0.000700s ]

[ 2015-11-07T15:17:53+08:00 ] 127.0.0.1 /mymall/admin.php?s=/Config/index.html
INFO: [ app_init ] --START--
INFO: Run Behavior\BuildLiteBehavior [ RunTime:0.000024s ]
INFO: [ app_init ] --END-- [ RunTime:0.000509s ]
INFO: [ app_begin ] --START--
INFO: Run Behavior\ReadHtmlCacheBehavior [ RunTime:0.000698s ]
INFO: [ app_begin ] --END-- [ RunTime:0.000787s ]
SQL: SHOW COLUMNS FROM `my_menu` [ RunTime:0.0036s ]
SQL: SELECT `id`,`url`,`title` FROM `my_menu` WHERE `pid` = 0 AND `is_display` = 1  [ RunTime:0.0005s ]
SQL: SELECT `id`,`url`,`title` FROM `my_menu` WHERE `pid` = 1 AND `is_display` = 1  [ RunTime:0.0003s ]
INFO: [ view_parse ] --START--
INFO: [ template_filter ] --START--
INFO: Run Behavior\ContentReplaceBehavior [ RunTime:0.000213s ]
INFO: [ template_filter ] --END-- [ RunTime:0.000337s ]
NOTIC: [8] Undefined variable: meta_title D:\wamp\www\mymall\Runtime\Cache\Admin\9bb5e7ead1bbec7c3d970a481af28a6e.php 第 5 行.
NOTIC: [2] Illegal string offset 'url' D:\wamp\www\mymall\Runtime\Cache\Admin\9bb5e7ead1bbec7c3d970a481af28a6e.php 第 57 行.
NOTIC: [2] Illegal string offset 'title' D:\wamp\www\mymall\Runtime\Cache\Admin\9bb5e7ead1bbec7c3d970a481af28a6e.php 第 57 行.
NOTIC: [2] Illegal string offset 'url' D:\wamp\www\mymall\Runtime\Cache\Admin\9bb5e7ead1bbec7c3d970a481af28a6e.php 第 57 行.
NOTIC: [2] Illegal string offset 'title' D:\wamp\www\mymall\Runtime\Cache\Admin\9bb5e7ead1bbec7c3d970a481af28a6e.php 第 57 行.
NOTIC: [2] Illegal string offset 'url' D:\wamp\www\mymall\Runtime\Cache\Admin\9bb5e7ead1bbec7c3d970a481af28a6e.php 第 57 行.
NOTIC: [2] Illegal string offset 'title' D:\wamp\www\mymall\Runtime\Cache\Admin\9bb5e7ead1bbec7c3d970a481af28a6e.php 第 57 行.
NOTIC: [2] Illegal string offset 'url' D:\wamp\www\mymall\Runtime\Cache\Admin\9bb5e7ead1bbec7c3d970a481af28a6e.php 第 57 行.
NOTIC: [2] Illegal string offset 'title' D:\wamp\www\mymall\Runtime\Cache\Admin\9bb5e7ead1bbec7c3d970a481af28a6e.php 第 57 行.
NOTIC: [2] Illegal string offset 'url' D:\wamp\www\mymall\Runtime\Cache\Admin\9bb5e7ead1bbec7c3d970a481af28a6e.php 第 57 行.
NOTIC: [2] Illegal string offset 'title' D:\wamp\www\mymall\Runtime\Cache\Admin\9bb5e7ead1bbec7c3d970a481af28a6e.php 第 57 行.
NOTIC: [2] Illegal string offset 'url' D:\wamp\www\mymall\Runtime\Cache\Admin\9bb5e7ead1bbec7c3d970a481af28a6e.php 第 57 行.
NOTIC: [2] Illegal string offset 'title' D:\wamp\www\mymall\Runtime\Cache\Admin\9bb5e7ead1bbec7c3d970a481af28a6e.php 第 57 行.
NOTIC: [8] Undefined variable: group D:\wamp\www\mymall\Runtime\Cache\Admin\9bb5e7ead1bbec7c3d970a481af28a6e.php 第 89 行.
NOTIC: [8] Undefined variable: _page D:\wamp\www\mymall\Runtime\Cache\Admin\9bb5e7ead1bbec7c3d970a481af28a6e.php 第 140 行.
NOTIC: [8] Use of undefined constant ONETHINK_VERSION - assumed 'ONETHINK_VERSION' D:\wamp\www\mymall\Runtime\Cache\Admin\9bb5e7ead1bbec7c3d970a481af28a6e.php 第 148 行.
INFO: Run Behavior\ParseTemplateBehavior [ RunTime:0.016544s ]
INFO: [ view_parse ] --END-- [ RunTime:0.016633s ]
INFO: [ view_filter ] --START--
INFO: Run Behavior\WriteHtmlCacheBehavior [ RunTime:0.000366s ]
INFO: [ view_filter ] --END-- [ RunTime:0.000426s ]
INFO: [ app_end ] --START--
INFO: Run Behavior\ShowPageTraceBehavior [ RunTime:0.000521s ]
INFO: [ app_end ] --END-- [ RunTime:0.000581s ]

[ 2015-11-07T15:19:13+08:00 ] 127.0.0.1 /mymall/admin.php?s=/Config/index.html
INFO: [ app_init ] --START--
INFO: Run Behavior\BuildLiteBehavior [ RunTime:0.000020s ]
INFO: [ app_init ] --END-- [ RunTime:0.000361s ]
INFO: [ app_begin ] --START--
INFO: Run Behavior\ReadHtmlCacheBehavior [ RunTime:0.000435s ]
INFO: [ app_begin ] --END-- [ RunTime:0.000502s ]

[ 2015-11-07T15:19:21+08:00 ] 127.0.0.1 /mymall/admin.php?s=/Config/index.html
INFO: [ app_init ] --START--
INFO: Run Behavior\BuildLiteBehavior [ RunTime:0.000021s ]
INFO: [ app_init ] --END-- [ RunTime:0.000378s ]
INFO: [ app_begin ] --START--
INFO: Run Behavior\ReadHtmlCacheBehavior [ RunTime:0.000429s ]
INFO: [ app_begin ] --END-- [ RunTime:0.000497s ]
SQL: SHOW COLUMNS FROM `my_menu` [ RunTime:0.0036s ]
SQL: SELECT `id`,`url`,`title` FROM `my_menu` WHERE `pid` = 0 AND `is_display` = 1  [ RunTime:0.0010s ]
SQL: SELECT `id`,`url`,`title`,`group` FROM `my_menu` WHERE `pid` = 1 AND `is_display` = 1  [ RunTime:0.0002s ]
INFO: [ view_parse ] --START--
INFO: [ template_filter ] --START--
INFO: Run Behavior\ContentReplaceBehavior [ RunTime:0.000218s ]
INFO: [ template_filter ] --END-- [ RunTime:0.000288s ]
NOTIC: [8] Undefined variable: meta_title D:\wamp\www\mymall\Runtime\Cache\Admin\9bb5e7ead1bbec7c3d970a481af28a6e.php 第 5 行.
NOTIC: [2] Illegal string offset 'url' D:\wamp\www\mymall\Runtime\Cache\Admin\9bb5e7ead1bbec7c3d970a481af28a6e.php 第 57 行.
NOTIC: [2] Illegal string offset 'title' D:\wamp\www\mymall\Runtime\Cache\Admin\9bb5e7ead1bbec7c3d970a481af28a6e.php 第 57 行.
NOTIC: [2] Illegal string offset 'url' D:\wamp\www\mymall\Runtime\Cache\Admin\9bb5e7ead1bbec7c3d970a481af28a6e.php 第 57 行.
NOTIC: [2] Illegal string offset 'title' D:\wamp\www\mymall\Runtime\Cache\Admin\9bb5e7ead1bbec7c3d970a481af28a6e.php 第 57 行.
NOTIC: [2] Illegal string offset 'url' D:\wamp\www\mymall\Runtime\Cache\Admin\9bb5e7ead1bbec7c3d970a481af28a6e.php 第 57 行.
NOTIC: [2] Illegal string offset 'title' D:\wamp\www\mymall\Runtime\Cache\Admin\9bb5e7ead1bbec7c3d970a481af28a6e.php 第 57 行.
NOTIC: [2] Illegal string offset 'url' D:\wamp\www\mymall\Runtime\Cache\Admin\9bb5e7ead1bbec7c3d970a481af28a6e.php 第 57 行.
NOTIC: [2] Illegal string offset 'title' D:\wamp\www\mymall\Runtime\Cache\Admin\9bb5e7ead1bbec7c3d970a481af28a6e.php 第 57 行.
NOTIC: [2] Illegal string offset 'url' D:\wamp\www\mymall\Runtime\Cache\Admin\9bb5e7ead1bbec7c3d970a481af28a6e.php 第 57 行.
NOTIC: [2] Illegal string offset 'title' D:\wamp\www\mymall\Runtime\Cache\Admin\9bb5e7ead1bbec7c3d970a481af28a6e.php 第 57 行.
NOTIC: [2] Illegal string offset 'url' D:\wamp\www\mymall\Runtime\Cache\Admin\9bb5e7ead1bbec7c3d970a481af28a6e.php 第 57 行.
NOTIC: [2] Illegal string offset 'title' D:\wamp\www\mymall\Runtime\Cache\Admin\9bb5e7ead1bbec7c3d970a481af28a6e.php 第 57 行.
NOTIC: [2] Illegal string offset 'url' D:\wamp\www\mymall\Runtime\Cache\Admin\9bb5e7ead1bbec7c3d970a481af28a6e.php 第 57 行.
NOTIC: [2] Illegal string offset 'title' D:\wamp\www\mymall\Runtime\Cache\Admin\9bb5e7ead1bbec7c3d970a481af28a6e.php 第 57 行.
NOTIC: [2] Illegal string offset 'url' D:\wamp\www\mymall\Runtime\Cache\Admin\9bb5e7ead1bbec7c3d970a481af28a6e.php 第 57 行.
NOTIC: [2] Illegal string offset 'title' D:\wamp\www\mymall\Runtime\Cache\Admin\9bb5e7ead1bbec7c3d970a481af28a6e.php 第 57 行.
NOTIC: [8] Undefined variable: group D:\wamp\www\mymall\Runtime\Cache\Admin\9bb5e7ead1bbec7c3d970a481af28a6e.php 第 89 行.
NOTIC: [8] Undefined variable: _page D:\wamp\www\mymall\Runtime\Cache\Admin\9bb5e7ead1bbec7c3d970a481af28a6e.php 第 140 行.
NOTIC: [8] Use of undefined constant ONETHINK_VERSION - assumed 'ONETHINK_VERSION' D:\wamp\www\mymall\Runtime\Cache\Admin\9bb5e7ead1bbec7c3d970a481af28a6e.php 第 148 行.
INFO: Run Behavior\ParseTemplateBehavior [ RunTime:0.016494s ]
INFO: [ view_parse ] --END-- [ RunTime:0.016563s ]
INFO: [ view_filter ] --START--
INFO: Run Behavior\WriteHtmlCacheBehavior [ RunTime:0.000408s ]
INFO: [ view_filter ] --END-- [ RunTime:0.000464s ]
INFO: [ app_end ] --START--
INFO: Run Behavior\ShowPageTraceBehavior [ RunTime:0.000559s ]
INFO: [ app_end ] --END-- [ RunTime:0.000618s ]

[ 2015-11-07T15:20:40+08:00 ] 127.0.0.1 /mymall/admin.php?s=/Config/index.html
INFO: [ app_init ] --START--
INFO: Run Behavior\BuildLiteBehavior [ RunTime:0.000052s ]
INFO: [ app_init ] --END-- [ RunTime:0.000936s ]
INFO: [ app_begin ] --START--
INFO: Run Behavior\ReadHtmlCacheBehavior [ RunTime:0.001589s ]
INFO: [ app_begin ] --END-- [ RunTime:0.001892s ]
SQL: SHOW COLUMNS FROM `my_menu` [ RunTime:0.0058s ]
SQL: SELECT `id`,`url`,`title` FROM `my_menu` WHERE `pid` = 0 AND `is_display` = 1  [ RunTime:0.0005s ]
SQL: SELECT `id`,`url`,`title`,`group` FROM `my_menu` WHERE `pid` = 1 AND `is_display` = 1  [ RunTime:0.0004s ]
INFO: [ view_parse ] --START--
INFO: [ template_filter ] --START--
INFO: Run Behavior\ContentReplaceBehavior [ RunTime:0.000422s ]
INFO: [ template_filter ] --END-- [ RunTime:0.000604s ]
NOTIC: [8] Undefined variable: meta_title D:\wamp\www\mymall\Runtime\Cache\Admin\9bb5e7ead1bbec7c3d970a481af28a6e.php 第 5 行.
NOTIC: [8] Undefined variable: group D:\wamp\www\mymall\Runtime\Cache\Admin\9bb5e7ead1bbec7c3d970a481af28a6e.php 第 89 行.
NOTIC: [8] Undefined variable: _page D:\wamp\www\mymall\Runtime\Cache\Admin\9bb5e7ead1bbec7c3d970a481af28a6e.php 第 140 行.
NOTIC: [8] Use of undefined constant ONETHINK_VERSION - assumed 'ONETHINK_VERSION' D:\wamp\www\mymall\Runtime\Cache\Admin\9bb5e7ead1bbec7c3d970a481af28a6e.php 第 148 行.
INFO: Run Behavior\ParseTemplateBehavior [ RunTime:0.034366s ]
INFO: [ view_parse ] --END-- [ RunTime:0.034490s ]
INFO: [ view_filter ] --START--
INFO: Run Behavior\WriteHtmlCacheBehavior [ RunTime:0.000310s ]
INFO: [ view_filter ] --END-- [ RunTime:0.000362s ]
INFO: [ app_end ] --START--
INFO: Run Behavior\ShowPageTraceBehavior [ RunTime:0.000521s ]
INFO: [ app_end ] --END-- [ RunTime:0.000576s ]

[ 2015-11-07T15:20:45+08:00 ] 127.0.0.1 /mymall/admin.php?s=/Menu/index.html
INFO: [ app_init ] --START--
INFO: Run Behavior\BuildLiteBehavior [ RunTime:0.000023s ]
INFO: [ app_init ] --END-- [ RunTime:0.000523s ]
INFO: [ app_begin ] --START--
INFO: Run Behavior\ReadHtmlCacheBehavior [ RunTime:0.000705s ]
INFO: [ app_begin ] --END-- [ RunTime:0.000795s ]
ERR: 无法加载控制器:Menu

