[ 2015-11-08T10:44:55+08:00 ] 127.0.0.1 /mymall/Public/Admin/css/.css
INFO: [ app_init ] --START--
INFO: Run Behavior\BuildLiteBehavior [ RunTime:0.000027s ]
INFO: [ app_init ] --END-- [ RunTime:0.000522s ]
ERR: 无法加载模块:Public

[ 2015-11-08T10:44:55+08:00 ] 127.0.0.1 /mymall/Public/Admin/images/bg/bg.png
INFO: [ app_init ] --START--
INFO: Run Behavior\BuildLiteBehavior [ RunTime:0.000019s ]
INFO: [ app_init ] --END-- [ RunTime:0.000347s ]
ERR: 无法加载模块:Public

[ 2015-11-08T10:44:55+08:00 ] 127.0.0.1 /mymall/Public/favicon.ico
INFO: [ app_init ] --START--
INFO: Run Behavior\BuildLiteBehavior [ RunTime:0.000022s ]
INFO: [ app_init ] --END-- [ RunTime:0.000401s ]
ERR: 无法加载模块:Public

[ 2015-11-08T10:44:58+08:00 ] 127.0.0.1 /mymall/Public/Admin/css/.css
INFO: [ app_init ] --START--
INFO: Run Behavior\BuildLiteBehavior [ RunTime:0.000016s ]
INFO: [ app_init ] --END-- [ RunTime:0.000393s ]
ERR: 无法加载模块:Public

[ 2015-11-08T10:45:00+08:00 ] 127.0.0.1 /mymall/Public/Admin/css/.css
INFO: [ app_init ] --START--
INFO: Run Behavior\BuildLiteBehavior [ RunTime:0.000044s ]
INFO: [ app_init ] --END-- [ RunTime:0.000574s ]
ERR: 无法加载模块:Public

[ 2015-11-08T10:45:01+08:00 ] 127.0.0.1 /mymall/Public/Admin/css/.css
INFO: [ app_init ] --START--
INFO: Run Behavior\BuildLiteBehavior [ RunTime:0.000018s ]
INFO: [ app_init ] --END-- [ RunTime:0.000420s ]
ERR: 无法加载模块:Public

[ 2015-11-08T10:45:01+08:00 ] 127.0.0.1 /mymall/Public/Admin/css/.css
INFO: [ app_init ] --START--
INFO: Run Behavior\BuildLiteBehavior [ RunTime:0.000021s ]
INFO: [ app_init ] --END-- [ RunTime:0.000390s ]
ERR: 无法加载模块:Public

[ 2015-11-08T10:45:03+08:00 ] 127.0.0.1 /mymall/Public/Admin/css/.css
INFO: [ app_init ] --START--
INFO: Run Behavior\BuildLiteBehavior [ RunTime:0.000017s ]
INFO: [ app_init ] --END-- [ RunTime:0.000366s ]
ERR: 无法加载模块:Public

[ 2015-11-08T10:45:07+08:00 ] 127.0.0.1 /mymall/Public/Admin/css/.css
INFO: [ app_init ] --START--
INFO: Run Behavior\BuildLiteBehavior [ RunTime:0.000019s ]
INFO: [ app_init ] --END-- [ RunTime:0.000368s ]
ERR: 无法加载模块:Public

[ 2015-11-08T10:45:13+08:00 ] 127.0.0.1 /mymall/Public/Admin/css/.css
INFO: [ app_init ] --START--
INFO: Run Behavior\BuildLiteBehavior [ RunTime:0.000017s ]
INFO: [ app_init ] --END-- [ RunTime:0.000329s ]
ERR: 无法加载模块:Public

[ 2015-11-08T10:45:17+08:00 ] 127.0.0.1 /mymall/Public/Admin/css/.css
INFO: [ app_init ] --START--
INFO: Run Behavior\BuildLiteBehavior [ RunTime:0.000018s ]
INFO: [ app_init ] --END-- [ RunTime:0.000370s ]
ERR: 无法加载模块:Public

[ 2015-11-08T10:45:22+08:00 ] 127.0.0.1 /mymall/Public/Admin/css/.css
INFO: [ app_init ] --START--
INFO: Run Behavior\BuildLiteBehavior [ RunTime:0.000022s ]
INFO: [ app_init ] --END-- [ RunTime:0.000437s ]
ERR: 无法加载模块:Public

[ 2015-11-08T10:51:51+08:00 ] 127.0.0.1 /mymall/Public/Admin/css/.css
INFO: [ app_init ] --START--
INFO: Run Behavior\BuildLiteBehavior [ RunTime:0.000024s ]
INFO: [ app_init ] --END-- [ RunTime:0.000528s ]
ERR: 无法加载模块:Public

[ 2015-11-08T10:53:53+08:00 ] 127.0.0.1 /mymall/Public/Admin/css/.css
INFO: [ app_init ] --START--
INFO: Run Behavior\BuildLiteBehavior [ RunTime:0.000022s ]
INFO: [ app_init ] --END-- [ RunTime:0.000441s ]
ERR: 无法加载模块:Public

[ 2015-11-08T10:53:54+08:00 ] 127.0.0.1 /mymall/Public/Admin/css/.css
INFO: [ app_init ] --START--
INFO: Run Behavior\BuildLiteBehavior [ RunTime:0.000021s ]
INFO: [ app_init ] --END-- [ RunTime:0.000569s ]
ERR: 无法加载模块:Public

[ 2015-11-08T10:53:54+08:00 ] 127.0.0.1 /mymall/Public/Admin/css/.css
INFO: [ app_init ] --START--
INFO: Run Behavior\BuildLiteBehavior [ RunTime:0.000024s ]
INFO: [ app_init ] --END-- [ RunTime:0.000418s ]
ERR: 无法加载模块:Public

[ 2015-11-08T10:53:56+08:00 ] 127.0.0.1 /mymall/Public/Admin/css/.css
INFO: [ app_init ] --START--
INFO: Run Behavior\BuildLiteBehavior [ RunTime:0.000020s ]
INFO: [ app_init ] --END-- [ RunTime:0.000377s ]
ERR: 无法加载模块:Public

[ 2015-11-08T10:55:53+08:00 ] 127.0.0.1 /mymall/Public/Admin/css/.css
INFO: [ app_init ] --START--
INFO: Run Behavior\BuildLiteBehavior [ RunTime:0.000071s ]
INFO: [ app_init ] --END-- [ RunTime:0.000865s ]
ERR: 无法加载模块:Public

[ 2015-11-08T10:55:54+08:00 ] 127.0.0.1 /mymall/uploadify.swf?preventswfcaching=1446951353973
INFO: [ app_init ] --START--
INFO: Run Behavior\BuildLiteBehavior [ RunTime:0.000076s ]
INFO: [ app_init ] --END-- [ RunTime:0.001147s ]
ERR: 无法加载模块:Uploadify

[ 2015-11-08T10:55:54+08:00 ] 127.0.0.1 /mymall/upbutton.gif
INFO: [ app_init ] --START--
INFO: Run Behavior\BuildLiteBehavior [ RunTime:0.000059s ]
INFO: [ app_init ] --END-- [ RunTime:0.000901s ]
ERR: 无法加载模块:Upbutton

[ 2015-11-08T10:55:54+08:00 ] 127.0.0.1 /mymall/uploadify.swf?preventswfcaching=1446951353973
INFO: [ app_init ] --START--
INFO: Run Behavior\BuildLiteBehavior [ RunTime:0.000042s ]
INFO: [ app_init ] --END-- [ RunTime:0.001012s ]
ERR: 无法加载模块:Uploadify

[ 2015-11-08T10:55:54+08:00 ] 127.0.0.1 /mymall/uploadify.swf?preventswfcaching=1446951353973
INFO: [ app_init ] --START--
INFO: Run Behavior\BuildLiteBehavior [ RunTime:0.000023s ]
INFO: [ app_init ] --END-- [ RunTime:0.000410s ]
ERR: 无法加载模块:Uploadify

[ 2015-11-08T10:55:57+08:00 ] 127.0.0.1 /mymall/Public/Admin/css/.css
INFO: [ app_init ] --START--
INFO: Run Behavior\BuildLiteBehavior [ RunTime:0.000048s ]
INFO: [ app_init ] --END-- [ RunTime:0.000797s ]
ERR: 无法加载模块:Public

[ 2015-11-08T10:55:57+08:00 ] 127.0.0.1 /mymall/uploadify.swf?preventswfcaching=1446951357194
INFO: [ app_init ] --START--
INFO: Run Behavior\BuildLiteBehavior [ RunTime:0.000020s ]
INFO: [ app_init ] --END-- [ RunTime:0.000375s ]
ERR: 无法加载模块:Uploadify

[ 2015-11-08T10:55:57+08:00 ] 127.0.0.1 /mymall/upbutton.gif
INFO: [ app_init ] --START--
INFO: Run Behavior\BuildLiteBehavior [ RunTime:0.000019s ]
INFO: [ app_init ] --END-- [ RunTime:0.000355s ]
ERR: 无法加载模块:Upbutton

[ 2015-11-08T10:55:57+08:00 ] 127.0.0.1 /mymall/uploadify.swf?preventswfcaching=1446951357194
INFO: [ app_init ] --START--
INFO: Run Behavior\BuildLiteBehavior [ RunTime:0.000023s ]
INFO: [ app_init ] --END-- [ RunTime:0.000459s ]
ERR: 无法加载模块:Uploadify

[ 2015-11-08T10:55:57+08:00 ] 127.0.0.1 /mymall/uploadify.swf?preventswfcaching=1446951357194
INFO: [ app_init ] --START--
INFO: Run Behavior\BuildLiteBehavior [ RunTime:0.000039s ]
INFO: [ app_init ] --END-- [ RunTime:0.000563s ]
ERR: 无法加载模块:Uploadify

[ 2015-11-08T10:57:42+08:00 ] 127.0.0.1 /mymall/Public/Admin/css/.css
INFO: [ app_init ] --START--
INFO: Run Behavior\BuildLiteBehavior [ RunTime:0.000023s ]
INFO: [ app_init ] --END-- [ RunTime:0.000427s ]
ERR: 无法加载模块:Public

[ 2015-11-08T10:57:42+08:00 ] 127.0.0.1 /mymall/upbutton.gif
INFO: [ app_init ] --START--
INFO: Run Behavior\BuildLiteBehavior [ RunTime:0.000021s ]
INFO: [ app_init ] --END-- [ RunTime:0.000349s ]
ERR: 无法加载模块:Upbutton

[ 2015-11-08T10:57:51+08:00 ] 127.0.0.1 /mymall/Public/Admin/css/.css
INFO: [ app_init ] --START--
INFO: Run Behavior\BuildLiteBehavior [ RunTime:0.000021s ]
INFO: [ app_init ] --END-- [ RunTime:0.000341s ]
ERR: 无法加载模块:Public

[ 2015-11-08T10:57:52+08:00 ] 127.0.0.1 /mymall/Public/Admin/css/.css
INFO: [ app_init ] --START--
INFO: Run Behavior\BuildLiteBehavior [ RunTime:0.000019s ]
INFO: [ app_init ] --END-- [ RunTime:0.000347s ]
ERR: 无法加载模块:Public

[ 2015-11-08T10:57:52+08:00 ] 127.0.0.1 /mymall/upbutton.gif
INFO: [ app_init ] --START--
INFO: Run Behavior\BuildLiteBehavior [ RunTime:0.000020s ]
INFO: [ app_init ] --END-- [ RunTime:0.000532s ]
ERR: 无法加载模块:Upbutton

[ 2015-11-08T10:58:02+08:00 ] 127.0.0.1 /mymall/Public/Admin/css/.css
INFO: [ app_init ] --START--
INFO: Run Behavior\BuildLiteBehavior [ RunTime:0.000019s ]
INFO: [ app_init ] --END-- [ RunTime:0.000377s ]
ERR: 无法加载模块:Public

[ 2015-11-08T10:59:16+08:00 ] 127.0.0.1 /mymall/Public/Admin/css/.css
INFO: [ app_init ] --START--
INFO: Run Behavior\BuildLiteBehavior [ RunTime:0.000024s ]
INFO: [ app_init ] --END-- [ RunTime:0.000438s ]
ERR: 无法加载模块:Public

[ 2015-11-08T12:21:21+08:00 ] 127.0.0.1 /mymall/Public/Admin/css/.css
INFO: [ app_init ] --START--
INFO: Run Behavior\BuildLiteBehavior [ RunTime:0.000021s ]
INFO: [ app_init ] --END-- [ RunTime:0.000432s ]
ERR: 无法加载模块:Public

[ 2015-11-08T12:21:53+08:00 ] 127.0.0.1 /mymall/Public/Admin/css/.css
INFO: [ app_init ] --START--
INFO: Run Behavior\BuildLiteBehavior [ RunTime:0.000018s ]
INFO: [ app_init ] --END-- [ RunTime:0.000360s ]
ERR: 无法加载模块:Public

[ 2015-11-08T12:22:06+08:00 ] 127.0.0.1 /mymall/Public/Admin/css/.css
INFO: [ app_init ] --START--
INFO: Run Behavior\BuildLiteBehavior [ RunTime:0.000020s ]
INFO: [ app_init ] --END-- [ RunTime:0.000380s ]
ERR: 无法加载模块:Public

[ 2015-11-08T12:22:06+08:00 ] 127.0.0.1 /mymall/Public/favicon.ico
INFO: [ app_init ] --START--
INFO: Run Behavior\BuildLiteBehavior [ RunTime:0.000021s ]
INFO: [ app_init ] --END-- [ RunTime:0.000401s ]
ERR: 无法加载模块:Public

[ 2015-11-08T12:22:06+08:00 ] 127.0.0.1 /mymall/Public/favicon.ico
INFO: [ app_init ] --START--
INFO: Run Behavior\BuildLiteBehavior [ RunTime:0.000023s ]
INFO: [ app_init ] --END-- [ RunTime:0.000496s ]
ERR: 无法加载模块:Public

[ 2015-11-08T12:22:06+08:00 ] 127.0.0.1 /mymall/Public/Admin/images/bg/bg.png
INFO: [ app_init ] --START--
INFO: Run Behavior\BuildLiteBehavior [ RunTime:0.000018s ]
INFO: [ app_init ] --END-- [ RunTime:0.000341s ]
ERR: 无法加载模块:Public

[ 2015-11-08T12:22:11+08:00 ] 127.0.0.1 /mymall/Public/static/jquery-2.0.3.min.map
INFO: [ app_init ] --START--
INFO: Run Behavior\BuildLiteBehavior [ RunTime:0.000017s ]
INFO: [ app_init ] --END-- [ RunTime:0.000316s ]
ERR: 无法加载模块:Public

[ 2015-11-08T12:23:48+08:00 ] 127.0.0.1 /mymall/Public/Admin/css/.css
INFO: [ app_init ] --START--
INFO: Run Behavior\BuildLiteBehavior [ RunTime:0.000024s ]
INFO: [ app_init ] --END-- [ RunTime:0.000443s ]
ERR: 无法加载模块:Public

[ 2015-11-08T12:23:55+08:00 ] 127.0.0.1 /mymall/Public/Admin/css/.css
INFO: [ app_init ] --START--
INFO: Run Behavior\BuildLiteBehavior [ RunTime:0.000019s ]
INFO: [ app_init ] --END-- [ RunTime:0.000359s ]
ERR: 无法加载模块:Public

[ 2015-11-08T12:23:55+08:00 ] 127.0.0.1 /mymall/Public/Admin/images/bg/bg.png
INFO: [ app_init ] --START--
INFO: Run Behavior\BuildLiteBehavior [ RunTime:0.000017s ]
INFO: [ app_init ] --END-- [ RunTime:0.000351s ]
ERR: 无法加载模块:Public

[ 2015-11-08T12:23:58+08:00 ] 127.0.0.1 /mymall/Public/static/jquery-2.0.3.min.map
INFO: [ app_init ] --START--
INFO: Run Behavior\BuildLiteBehavior [ RunTime:0.000020s ]
INFO: [ app_init ] --END-- [ RunTime:0.000362s ]
ERR: 无法加载模块:Public

[ 2015-11-08T12:25:32+08:00 ] 127.0.0.1 /mymall/Public/Admin/css/.css
INFO: [ app_init ] --START--
INFO: Run Behavior\BuildLiteBehavior [ RunTime:0.000021s ]
INFO: [ app_init ] --END-- [ RunTime:0.000377s ]
ERR: 无法加载模块:Public

[ 2015-11-08T12:25:32+08:00 ] 127.0.0.1 /mymall/Public/static/jquery-2.0.3.min.map
INFO: [ app_init ] --START--
INFO: Run Behavior\BuildLiteBehavior [ RunTime:0.000019s ]
INFO: [ app_init ] --END-- [ RunTime:0.000344s ]
ERR: 无法加载模块:Public

[ 2015-11-08T12:25:32+08:00 ] 127.0.0.1 /mymall/Public/Admin/images/bg/bg.png
INFO: [ app_init ] --START--
INFO: Run Behavior\BuildLiteBehavior [ RunTime:0.000020s ]
INFO: [ app_init ] --END-- [ RunTime:0.000415s ]
ERR: 无法加载模块:Public

[ 2015-11-08T12:25:44+08:00 ] 127.0.0.1 /mymall/Public/Admin/css/.css
INFO: [ app_init ] --START--
INFO: Run Behavior\BuildLiteBehavior [ RunTime:0.000019s ]
INFO: [ app_init ] --END-- [ RunTime:0.000356s ]
ERR: 无法加载模块:Public

[ 2015-11-08T12:25:44+08:00 ] 127.0.0.1 /mymall/Public/static/jquery-2.0.3.min.map
INFO: [ app_init ] --START--
INFO: Run Behavior\BuildLiteBehavior [ RunTime:0.000017s ]
INFO: [ app_init ] --END-- [ RunTime:0.000329s ]
ERR: 无法加载模块:Public

[ 2015-11-08T12:25:44+08:00 ] 127.0.0.1 /mymall/Public/Admin/images/bg/bg.png
INFO: [ app_init ] --START--
INFO: Run Behavior\BuildLiteBehavior [ RunTime:0.000021s ]
INFO: [ app_init ] --END-- [ RunTime:0.000360s ]
ERR: 无法加载模块:Public

[ 2015-11-08T12:26:15+08:00 ] 127.0.0.1 /mymall/Public/Admin/css/.css
INFO: [ app_init ] --START--
INFO: Run Behavior\BuildLiteBehavior [ RunTime:0.000024s ]
INFO: [ app_init ] --END-- [ RunTime:0.000395s ]
ERR: 无法加载模块:Public

[ 2015-11-08T12:26:15+08:00 ] 127.0.0.1 /mymall/Public/static/jquery-2.0.3.min.map
INFO: [ app_init ] --START--
INFO: Run Behavior\BuildLiteBehavior [ RunTime:0.000019s ]
INFO: [ app_init ] --END-- [ RunTime:0.000349s ]
ERR: 无法加载模块:Public

[ 2015-11-08T12:26:15+08:00 ] 127.0.0.1 /mymall/Public/Admin/images/bg/bg.png
INFO: [ app_init ] --START--
INFO: Run Behavior\BuildLiteBehavior [ RunTime:0.000020s ]
INFO: [ app_init ] --END-- [ RunTime:0.000386s ]
ERR: 无法加载模块:Public

[ 2015-11-08T12:28:20+08:00 ] 127.0.0.1 /mymall/Public/Admin/css/.css
INFO: [ app_init ] --START--
INFO: Run Behavior\BuildLiteBehavior [ RunTime:0.000019s ]
INFO: [ app_init ] --END-- [ RunTime:0.000384s ]
ERR: 无法加载模块:Public

[ 2015-11-08T12:28:20+08:00 ] 127.0.0.1 /mymall/Public/static/jquery-2.0.3.min.map
INFO: [ app_init ] --START--
INFO: Run Behavior\BuildLiteBehavior [ RunTime:0.000022s ]
INFO: [ app_init ] --END-- [ RunTime:0.000392s ]
ERR: 无法加载模块:Public

[ 2015-11-08T12:28:20+08:00 ] 127.0.0.1 /mymall/Public/Admin/images/bg/bg.png
INFO: [ app_init ] --START--
INFO: Run Behavior\BuildLiteBehavior [ RunTime:0.000022s ]
INFO: [ app_init ] --END-- [ RunTime:0.000380s ]
ERR: 无法加载模块:Public

[ 2015-11-08T12:29:50+08:00 ] 127.0.0.1 /mymall/Public/Admin/css/.css
INFO: [ app_init ] --START--
INFO: Run Behavior\BuildLiteBehavior [ RunTime:0.000033s ]
INFO: [ app_init ] --END-- [ RunTime:0.000524s ]
ERR: 无法加载模块:Public

[ 2015-11-08T12:58:23+08:00 ] 127.0.0.1 /mymall/Public/Admin/css/.css
INFO: [ app_init ] --START--
INFO: Run Behavior\BuildLiteBehavior [ RunTime:0.000018s ]
INFO: [ app_init ] --END-- [ RunTime:0.000372s ]
ERR: 无法加载模块:Public

[ 2015-11-08T12:59:53+08:00 ] 127.0.0.1 /mymall/Public/Admin/css/.css
INFO: [ app_init ] --START--
INFO: Run Behavior\BuildLiteBehavior [ RunTime:0.000021s ]
INFO: [ app_init ] --END-- [ RunTime:0.000362s ]
ERR: 无法加载模块:Public

[ 2015-11-08T12:59:53+08:00 ] 127.0.0.1 /mymall/Public/Admin/images/bg/bg.png
INFO: [ app_init ] --START--
INFO: Run Behavior\BuildLiteBehavior [ RunTime:0.000021s ]
INFO: [ app_init ] --END-- [ RunTime:0.000375s ]
ERR: 无法加载模块:Public

[ 2015-11-08T12:59:58+08:00 ] 127.0.0.1 /mymall/Public/static/jquery-2.0.3.min.map
INFO: [ app_init ] --START--
INFO: Run Behavior\BuildLiteBehavior [ RunTime:0.000022s ]
INFO: [ app_init ] --END-- [ RunTime:0.000443s ]
ERR: 无法加载模块:Public

[ 2015-11-08T13:01:27+08:00 ] 127.0.0.1 /mymall/Public/Admin/css/.css
INFO: [ app_init ] --START--
INFO: Run Behavior\BuildLiteBehavior [ RunTime:0.000060s ]
INFO: [ app_init ] --END-- [ RunTime:0.001011s ]
ERR: 无法加载模块:Public

[ 2015-11-08T13:01:28+08:00 ] 127.0.0.1 /mymall/Public/static/jquery-2.0.3.min.map
INFO: [ app_init ] --START--
INFO: Run Behavior\BuildLiteBehavior [ RunTime:0.000022s ]
INFO: [ app_init ] --END-- [ RunTime:0.000355s ]
ERR: 无法加载模块:Public

[ 2015-11-08T13:01:28+08:00 ] 127.0.0.1 /mymall/Public/Admin/images/bg/bg.png
INFO: [ app_init ] --START--
INFO: Run Behavior\BuildLiteBehavior [ RunTime:0.000020s ]
INFO: [ app_init ] --END-- [ RunTime:0.000388s ]
ERR: 无法加载模块:Public

[ 2015-11-08T13:03:29+08:00 ] 127.0.0.1 /mymall/Public/Admin/css/.css
INFO: [ app_init ] --START--
INFO: Run Behavior\BuildLiteBehavior [ RunTime:0.000043s ]
INFO: [ app_init ] --END-- [ RunTime:0.000599s ]
ERR: 无法加载模块:Public

[ 2015-11-08T13:03:29+08:00 ] 127.0.0.1 /mymall/Public/static/jquery-2.0.3.min.map
INFO: [ app_init ] --START--
INFO: Run Behavior\BuildLiteBehavior [ RunTime:0.000017s ]
INFO: [ app_init ] --END-- [ RunTime:0.000338s ]
ERR: 无法加载模块:Public

[ 2015-11-08T13:03:29+08:00 ] 127.0.0.1 /mymall/Public/Admin/images/bg/bg.png
INFO: [ app_init ] --START--
INFO: Run Behavior\BuildLiteBehavior [ RunTime:0.000019s ]
INFO: [ app_init ] --END-- [ RunTime:0.000347s ]
ERR: 无法加载模块:Public

[ 2015-11-08T13:04:42+08:00 ] 127.0.0.1 /mymall/Public/Admin/css/.css
INFO: [ app_init ] --START--
INFO: Run Behavior\BuildLiteBehavior [ RunTime:0.000043s ]
INFO: [ app_init ] --END-- [ RunTime:0.000595s ]
ERR: 无法加载模块:Public

[ 2015-11-08T13:04:42+08:00 ] 127.0.0.1 /mymall/Public/static/jquery-2.0.3.min.map
INFO: [ app_init ] --START--
INFO: Run Behavior\BuildLiteBehavior [ RunTime:0.000018s ]
INFO: [ app_init ] --END-- [ RunTime:0.000334s ]
ERR: 无法加载模块:Public

[ 2015-11-08T13:04:43+08:00 ] 127.0.0.1 /mymall/Public/Admin/images/bg/bg.png
INFO: [ app_init ] --START--
INFO: Run Behavior\BuildLiteBehavior [ RunTime:0.000023s ]
INFO: [ app_init ] --END-- [ RunTime:0.000403s ]
ERR: 无法加载模块:Public

[ 2015-11-08T13:04:46+08:00 ] 127.0.0.1 /mymall/Public/static/jquery-2.0.3.min.map
INFO: [ app_init ] --START--
INFO: Run Behavior\BuildLiteBehavior [ RunTime:0.000040s ]
INFO: [ app_init ] --END-- [ RunTime:0.000731s ]
ERR: 无法加载模块:Public

[ 2015-11-08T13:05:18+08:00 ] 127.0.0.1 /mymall/Public/Admin/css/.css
INFO: [ app_init ] --START--
INFO: Run Behavior\BuildLiteBehavior [ RunTime:0.000021s ]
INFO: [ app_init ] --END-- [ RunTime:0.000371s ]
ERR: 无法加载模块:Public

[ 2015-11-08T13:05:18+08:00 ] 127.0.0.1 /mymall/Public/static/jquery-2.0.3.min.map
INFO: [ app_init ] --START--
INFO: Run Behavior\BuildLiteBehavior [ RunTime:0.000018s ]
INFO: [ app_init ] --END-- [ RunTime:0.000360s ]
ERR: 无法加载模块:Public

[ 2015-11-08T13:05:19+08:00 ] 127.0.0.1 /mymall/Public/Admin/images/bg/bg.png
INFO: [ app_init ] --START--
INFO: Run Behavior\BuildLiteBehavior [ RunTime:0.000025s ]
INFO: [ app_init ] --END-- [ RunTime:0.000365s ]
ERR: 无法加载模块:Public

[ 2015-11-08T13:05:22+08:00 ] 127.0.0.1 /mymall/Public/static/jquery-2.0.3.min.map
INFO: [ app_init ] --START--
INFO: Run Behavior\BuildLiteBehavior [ RunTime:0.000020s ]
INFO: [ app_init ] --END-- [ RunTime:0.000378s ]
ERR: 无法加载模块:Public

[ 2015-11-08T13:05:43+08:00 ] 127.0.0.1 /mymall/Public/Admin/css/.css
INFO: [ app_init ] --START--
INFO: Run Behavior\BuildLiteBehavior [ RunTime:0.000019s ]
INFO: [ app_init ] --END-- [ RunTime:0.000400s ]
ERR: 无法加载模块:Public

[ 2015-11-08T13:05:43+08:00 ] 127.0.0.1 /mymall/Public/static/jquery-2.0.3.min.map
INFO: [ app_init ] --START--
INFO: Run Behavior\BuildLiteBehavior [ RunTime:0.000018s ]
INFO: [ app_init ] --END-- [ RunTime:0.000341s ]
ERR: 无法加载模块:Public

[ 2015-11-08T13:05:43+08:00 ] 127.0.0.1 /mymall/Public/Admin/images/bg/bg.png
INFO: [ app_init ] --START--
INFO: Run Behavior\BuildLiteBehavior [ RunTime:0.000018s ]
INFO: [ app_init ] --END-- [ RunTime:0.000354s ]
ERR: 无法加载模块:Public

[ 2015-11-08T13:05:45+08:00 ] 127.0.0.1 /mymall/Public/Admin/css/.css
INFO: [ app_init ] --START--
INFO: Run Behavior\BuildLiteBehavior [ RunTime:0.000020s ]
INFO: [ app_init ] --END-- [ RunTime:0.000390s ]
ERR: 无法加载模块:Public

[ 2015-11-08T13:05:45+08:00 ] 127.0.0.1 /mymall/Public/static/jquery-2.0.3.min.map
INFO: [ app_init ] --START--
INFO: Run Behavior\BuildLiteBehavior [ RunTime:0.000019s ]
INFO: [ app_init ] --END-- [ RunTime:0.000331s ]
ERR: 无法加载模块:Public

[ 2015-11-08T13:05:45+08:00 ] 127.0.0.1 /mymall/Public/Admin/images/bg/bg.png
INFO: [ app_init ] --START--
INFO: Run Behavior\BuildLiteBehavior [ RunTime:0.000022s ]
INFO: [ app_init ] --END-- [ RunTime:0.000392s ]
ERR: 无法加载模块:Public

[ 2015-11-08T13:05:58+08:00 ] 127.0.0.1 /mymall/Public/Admin/images/bg/bg.png
INFO: [ app_init ] --START--
INFO: Run Behavior\BuildLiteBehavior [ RunTime:0.000022s ]
INFO: [ app_init ] --END-- [ RunTime:0.000350s ]
ERR: 无法加载模块:Public

[ 2015-11-08T13:07:36+08:00 ] 127.0.0.1 /mymall/Public/Admin/css/.css
INFO: [ app_init ] --START--
INFO: Run Behavior\BuildLiteBehavior [ RunTime:0.000021s ]
INFO: [ app_init ] --END-- [ RunTime:0.000395s ]
ERR: 无法加载模块:Public

[ 2015-11-08T13:07:43+08:00 ] 127.0.0.1 /mymall/Public/Admin/css/.css
INFO: [ app_init ] --START--
INFO: Run Behavior\BuildLiteBehavior [ RunTime:0.000083s ]
INFO: [ app_init ] --END-- [ RunTime:0.002101s ]
ERR: 无法加载模块:Public

[ 2015-11-08T13:18:34+08:00 ] 127.0.0.1 /mymall/Public/Admin/css/.css
INFO: [ app_init ] --START--
INFO: Run Behavior\BuildLiteBehavior [ RunTime:0.000018s ]
INFO: [ app_init ] --END-- [ RunTime:0.000369s ]
ERR: 无法加载模块:Public

[ 2015-11-08T13:18:34+08:00 ] 127.0.0.1 /mymall/Public/Admin/images/bg/bg.png
INFO: [ app_init ] --START--
INFO: Run Behavior\BuildLiteBehavior [ RunTime:0.000027s ]
INFO: [ app_init ] --END-- [ RunTime:0.000422s ]
ERR: 无法加载模块:Public

[ 2015-11-08T13:19:24+08:00 ] 127.0.0.1 /mymall/Public/static/jquery-2.0.3.min.map
INFO: [ app_init ] --START--
INFO: Run Behavior\BuildLiteBehavior [ RunTime:0.000022s ]
INFO: [ app_init ] --END-- [ RunTime:0.000395s ]
ERR: 无法加载模块:Public

[ 2015-11-08T13:19:36+08:00 ] 127.0.0.1 /mymall/Public/Admin/css/.css
INFO: [ app_init ] --START--
INFO: Run Behavior\BuildLiteBehavior [ RunTime:0.000022s ]
INFO: [ app_init ] --END-- [ RunTime:0.000381s ]
ERR: 无法加载模块:Public

[ 2015-11-08T13:19:36+08:00 ] 127.0.0.1 /mymall/Public/static/jquery-2.0.3.min.map
INFO: [ app_init ] --START--
INFO: Run Behavior\BuildLiteBehavior [ RunTime:0.000018s ]
INFO: [ app_init ] --END-- [ RunTime:0.000423s ]
ERR: 无法加载模块:Public

[ 2015-11-08T13:19:36+08:00 ] 127.0.0.1 /mymall/Public/Admin/images/bg/bg.png
INFO: [ app_init ] --START--
INFO: Run Behavior\BuildLiteBehavior [ RunTime:0.000023s ]
INFO: [ app_init ] --END-- [ RunTime:0.000367s ]
ERR: 无法加载模块:Public

[ 2015-11-08T13:20:52+08:00 ] 127.0.0.1 /mymall/Public/Admin/css/.css
INFO: [ app_init ] --START--
INFO: Run Behavior\BuildLiteBehavior [ RunTime:0.000020s ]
INFO: [ app_init ] --END-- [ RunTime:0.000406s ]
ERR: 无法加载模块:Public

[ 2015-11-08T13:23:30+08:00 ] 127.0.0.1 /mymall/Public/Admin/css/.css
INFO: [ app_init ] --START--
INFO: Run Behavior\BuildLiteBehavior [ RunTime:0.000020s ]
INFO: [ app_init ] --END-- [ RunTime:0.000373s ]
ERR: 无法加载模块:Public

[ 2015-11-08T13:23:54+08:00 ] 127.0.0.1 /mymall/Public/Admin/css/.css
INFO: [ app_init ] --START--
INFO: Run Behavior\BuildLiteBehavior [ RunTime:0.000055s ]
INFO: [ app_init ] --END-- [ RunTime:0.000986s ]
ERR: 无法加载模块:Public

[ 2015-11-08T13:25:01+08:00 ] 127.0.0.1 /mymall/Public/Admin/css/.css
INFO: [ app_init ] --START--
INFO: Run Behavior\BuildLiteBehavior [ RunTime:0.000019s ]
INFO: [ app_init ] --END-- [ RunTime:0.000380s ]
ERR: 无法加载模块:Public

[ 2015-11-08T13:25:22+08:00 ] 127.0.0.1 /mymall/Public/Admin/css/.css
INFO: [ app_init ] --START--
INFO: Run Behavior\BuildLiteBehavior [ RunTime:0.000021s ]
INFO: [ app_init ] --END-- [ RunTime:0.000379s ]
ERR: 无法加载模块:Public

[ 2015-11-08T13:25:34+08:00 ] 127.0.0.1 /mymall/Public/Admin/css/.css
INFO: [ app_init ] --START--
INFO: Run Behavior\BuildLiteBehavior [ RunTime:0.000025s ]
INFO: [ app_init ] --END-- [ RunTime:0.000456s ]
ERR: 无法加载模块:Public

[ 2015-11-08T13:25:34+08:00 ] 127.0.0.1 /mymall/Public/static/jquery-2.0.3.min.map
INFO: [ app_init ] --START--
INFO: Run Behavior\BuildLiteBehavior [ RunTime:0.000020s ]
INFO: [ app_init ] --END-- [ RunTime:0.000334s ]
ERR: 无法加载模块:Public

[ 2015-11-08T13:25:34+08:00 ] 127.0.0.1 /mymall/Public/Admin/images/bg/bg.png
INFO: [ app_init ] --START--
INFO: Run Behavior\BuildLiteBehavior [ RunTime:0.000025s ]
INFO: [ app_init ] --END-- [ RunTime:0.000412s ]
ERR: 无法加载模块:Public

[ 2015-11-08T13:25:58+08:00 ] 127.0.0.1 /mymall/Public/Admin/css/.css
INFO: [ app_init ] --START--
INFO: Run Behavior\BuildLiteBehavior [ RunTime:0.000022s ]
INFO: [ app_init ] --END-- [ RunTime:0.000390s ]
ERR: 无法加载模块:Public

[ 2015-11-08T13:25:58+08:00 ] 127.0.0.1 /mymall/Public/static/jquery-2.0.3.min.map
INFO: [ app_init ] --START--
INFO: Run Behavior\BuildLiteBehavior [ RunTime:0.000021s ]
INFO: [ app_init ] --END-- [ RunTime:0.000342s ]
ERR: 无法加载模块:Public

[ 2015-11-08T13:25:58+08:00 ] 127.0.0.1 /mymall/Public/Admin/images/bg/bg.png
INFO: [ app_init ] --START--
INFO: Run Behavior\BuildLiteBehavior [ RunTime:0.000023s ]
INFO: [ app_init ] --END-- [ RunTime:0.000396s ]
ERR: 无法加载模块:Public

[ 2015-11-08T13:26:40+08:00 ] 127.0.0.1 /mymall/Public/Admin/css/.css
INFO: [ app_init ] --START--
INFO: Run Behavior\BuildLiteBehavior [ RunTime:0.000022s ]
INFO: [ app_init ] --END-- [ RunTime:0.000377s ]
ERR: 无法加载模块:Public

[ 2015-11-08T13:34:56+08:00 ] 127.0.0.1 /mymall/Public/Admin/css/.css
INFO: [ app_init ] --START--
INFO: Run Behavior\BuildLiteBehavior [ RunTime:0.000023s ]
INFO: [ app_init ] --END-- [ RunTime:0.000411s ]
ERR: 无法加载模块:Public

[ 2015-11-08T13:35:25+08:00 ] 127.0.0.1 /mymall/Public/Admin/css/.css
INFO: [ app_init ] --START--
INFO: Run Behavior\BuildLiteBehavior [ RunTime:0.000022s ]
INFO: [ app_init ] --END-- [ RunTime:0.000362s ]
ERR: 无法加载模块:Public

[ 2015-11-08T13:35:25+08:00 ] 127.0.0.1 /mymall/Public/static/jquery-2.0.3.min.map
INFO: [ app_init ] --START--
INFO: Run Behavior\BuildLiteBehavior [ RunTime:0.000021s ]
INFO: [ app_init ] --END-- [ RunTime:0.000371s ]
ERR: 无法加载模块:Public

[ 2015-11-08T13:35:25+08:00 ] 127.0.0.1 /mymall/Public/Admin/images/bg/bg.png
INFO: [ app_init ] --START--
INFO: Run Behavior\BuildLiteBehavior [ RunTime:0.000025s ]
INFO: [ app_init ] --END-- [ RunTime:0.000470s ]
ERR: 无法加载模块:Public

[ 2015-11-08T13:35:55+08:00 ] 127.0.0.1 /mymall/Public/Admin/css/.css
INFO: [ app_init ] --START--
INFO: Run Behavior\BuildLiteBehavior [ RunTime:0.000020s ]
INFO: [ app_init ] --END-- [ RunTime:0.000376s ]
ERR: 无法加载模块:Public

[ 2015-11-08T13:35:55+08:00 ] 127.0.0.1 /mymall/Public/Admin/images/bg/bg.png
INFO: [ app_init ] --START--
INFO: Run Behavior\BuildLiteBehavior [ RunTime:0.000020s ]
INFO: [ app_init ] --END-- [ RunTime:0.000369s ]
ERR: 无法加载模块:Public

[ 2015-11-08T13:35:56+08:00 ] 127.0.0.1 /mymall/Public/static/jquery-2.0.3.min.map
INFO: [ app_init ] --START--
INFO: Run Behavior\BuildLiteBehavior [ RunTime:0.000018s ]
INFO: [ app_init ] --END-- [ RunTime:0.000368s ]
ERR: 无法加载模块:Public

[ 2015-11-08T13:36:38+08:00 ] 127.0.0.1 /mymall/Public/Admin/css/.css
INFO: [ app_init ] --START--
INFO: Run Behavior\BuildLiteBehavior [ RunTime:0.000028s ]
INFO: [ app_init ] --END-- [ RunTime:0.000487s ]
ERR: 无法加载模块:Public

[ 2015-11-08T13:36:38+08:00 ] 127.0.0.1 /mymall/Public/static/jquery-2.0.3.min.map
INFO: [ app_init ] --START--
INFO: Run Behavior\BuildLiteBehavior [ RunTime:0.000019s ]
INFO: [ app_init ] --END-- [ RunTime:0.000372s ]
ERR: 无法加载模块:Public

[ 2015-11-08T13:36:38+08:00 ] 127.0.0.1 /mymall/Public/Admin/images/bg/bg.png
INFO: [ app_init ] --START--
INFO: Run Behavior\BuildLiteBehavior [ RunTime:0.000022s ]
INFO: [ app_init ] --END-- [ RunTime:0.000386s ]
ERR: 无法加载模块:Public

[ 2015-11-08T13:37:44+08:00 ] 127.0.0.1 /mymall/Public/Admin/css/.css
INFO: [ app_init ] --START--
INFO: Run Behavior\BuildLiteBehavior [ RunTime:0.000022s ]
INFO: [ app_init ] --END-- [ RunTime:0.000548s ]
ERR: 无法加载模块:Public

[ 2015-11-08T13:37:44+08:00 ] 127.0.0.1 /mymall/Public/static/jquery-2.0.3.min.map
INFO: [ app_init ] --START--
INFO: Run Behavior\BuildLiteBehavior [ RunTime:0.000020s ]
INFO: [ app_init ] --END-- [ RunTime:0.000347s ]
ERR: 无法加载模块:Public

[ 2015-11-08T13:37:45+08:00 ] 127.0.0.1 /mymall/Public/Admin/images/bg/bg.png
INFO: [ app_init ] --START--
INFO: Run Behavior\BuildLiteBehavior [ RunTime:0.000023s ]
INFO: [ app_init ] --END-- [ RunTime:0.000356s ]
ERR: 无法加载模块:Public

[ 2015-11-08T13:38:25+08:00 ] 127.0.0.1 /mymall/Public/Admin/css/.css
INFO: [ app_init ] --START--
INFO: Run Behavior\BuildLiteBehavior [ RunTime:0.000020s ]
INFO: [ app_init ] --END-- [ RunTime:0.000377s ]
ERR: 无法加载模块:Public

[ 2015-11-08T13:38:25+08:00 ] 127.0.0.1 /mymall/Public/static/jquery-2.0.3.min.map
INFO: [ app_init ] --START--
INFO: Run Behavior\BuildLiteBehavior [ RunTime:0.000030s ]
INFO: [ app_init ] --END-- [ RunTime:0.000590s ]
ERR: 无法加载模块:Public

[ 2015-11-08T13:38:25+08:00 ] 127.0.0.1 /mymall/Public/Admin/images/bg/bg.png
INFO: [ app_init ] --START--
INFO: Run Behavior\BuildLiteBehavior [ RunTime:0.000021s ]
INFO: [ app_init ] --END-- [ RunTime:0.000387s ]
ERR: 无法加载模块:Public

[ 2015-11-08T13:39:05+08:00 ] 127.0.0.1 /mymall/Public/Admin/css/.css
INFO: [ app_init ] --START--
INFO: Run Behavior\BuildLiteBehavior [ RunTime:0.000021s ]
INFO: [ app_init ] --END-- [ RunTime:0.000438s ]
ERR: 无法加载模块:Public

[ 2015-11-08T13:39:58+08:00 ] 127.0.0.1 /mymall/Public/Admin/css/.css
INFO: [ app_init ] --START--
INFO: Run Behavior\BuildLiteBehavior [ RunTime:0.000021s ]
INFO: [ app_init ] --END-- [ RunTime:0.000403s ]
ERR: 无法加载模块:Public

[ 2015-11-08T13:39:58+08:00 ] 127.0.0.1 /mymall/Public/static/jquery-2.0.3.min.map
INFO: [ app_init ] --START--
INFO: Run Behavior\BuildLiteBehavior [ RunTime:0.000018s ]
INFO: [ app_init ] --END-- [ RunTime:0.000397s ]
ERR: 无法加载模块:Public

[ 2015-11-08T13:39:58+08:00 ] 127.0.0.1 /mymall/Public/Admin/images/bg/bg.png
INFO: [ app_init ] --START--
INFO: Run Behavior\BuildLiteBehavior [ RunTime:0.000021s ]
INFO: [ app_init ] --END-- [ RunTime:0.000358s ]
ERR: 无法加载模块:Public

[ 2015-11-08T13:40:18+08:00 ] 127.0.0.1 /mymall/Public/Admin/css/.css
INFO: [ app_init ] --START--
INFO: Run Behavior\BuildLiteBehavior [ RunTime:0.000018s ]
INFO: [ app_init ] --END-- [ RunTime:0.000337s ]
ERR: 无法加载模块:Public

[ 2015-11-08T13:40:18+08:00 ] 127.0.0.1 /mymall/Public/static/jquery-2.0.3.min.map
INFO: [ app_init ] --START--
INFO: Run Behavior\BuildLiteBehavior [ RunTime:0.000020s ]
INFO: [ app_init ] --END-- [ RunTime:0.000480s ]
ERR: 无法加载模块:Public

[ 2015-11-08T13:40:18+08:00 ] 127.0.0.1 /mymall/Public/Admin/images/bg/bg.png
INFO: [ app_init ] --START--
INFO: Run Behavior\BuildLiteBehavior [ RunTime:0.000019s ]
INFO: [ app_init ] --END-- [ RunTime:0.000377s ]
ERR: 无法加载模块:Public

[ 2015-11-08T13:41:59+08:00 ] 127.0.0.1 /mymall/Public/Admin/css/.css
INFO: [ app_init ] --START--
INFO: Run Behavior\BuildLiteBehavior [ RunTime:0.000021s ]
INFO: [ app_init ] --END-- [ RunTime:0.000408s ]
ERR: 无法加载模块:Public

[ 2015-11-08T13:41:59+08:00 ] 127.0.0.1 /mymall/Public/static/jquery-2.0.3.min.map
INFO: [ app_init ] --START--
INFO: Run Behavior\BuildLiteBehavior [ RunTime:0.000017s ]
INFO: [ app_init ] --END-- [ RunTime:0.000343s ]
ERR: 无法加载模块:Public

[ 2015-11-08T13:41:59+08:00 ] 127.0.0.1 /mymall/Public/Admin/images/bg/bg.png
INFO: [ app_init ] --START--
INFO: Run Behavior\BuildLiteBehavior [ RunTime:0.000023s ]
INFO: [ app_init ] --END-- [ RunTime:0.000385s ]
ERR: 无法加载模块:Public

[ 2015-11-08T13:45:48+08:00 ] 127.0.0.1 /mymall/Public/Admin/css/.css
INFO: [ app_init ] --START--
INFO: Run Behavior\BuildLiteBehavior [ RunTime:0.000047s ]
INFO: [ app_init ] --END-- [ RunTime:0.000752s ]
ERR: 无法加载模块:Public

[ 2015-11-08T13:45:48+08:00 ] 127.0.0.1 /mymall/Public/static/jquery-2.0.3.min.map
INFO: [ app_init ] --START--
INFO: Run Behavior\BuildLiteBehavior [ RunTime:0.000018s ]
INFO: [ app_init ] --END-- [ RunTime:0.000362s ]
ERR: 无法加载模块:Public

[ 2015-11-08T13:45:48+08:00 ] 127.0.0.1 /mymall/Public/Admin/images/bg/bg.png
INFO: [ app_init ] --START--
INFO: Run Behavior\BuildLiteBehavior [ RunTime:0.000022s ]
INFO: [ app_init ] --END-- [ RunTime:0.000407s ]
ERR: 无法加载模块:Public

[ 2015-11-08T13:47:12+08:00 ] 127.0.0.1 /mymall/Public/Admin/css/.css
INFO: [ app_init ] --START--
INFO: Run Behavior\BuildLiteBehavior [ RunTime:0.000019s ]
INFO: [ app_init ] --END-- [ RunTime:0.000389s ]
ERR: 无法加载模块:Public

[ 2015-11-08T13:47:12+08:00 ] 127.0.0.1 /mymall/Public/static/jquery-2.0.3.min.map
INFO: [ app_init ] --START--
INFO: Run Behavior\BuildLiteBehavior [ RunTime:0.000017s ]
INFO: [ app_init ] --END-- [ RunTime:0.000400s ]
ERR: 无法加载模块:Public

[ 2015-11-08T13:47:12+08:00 ] 127.0.0.1 /mymall/Public/Admin/images/bg/bg.png
INFO: [ app_init ] --START--
INFO: Run Behavior\BuildLiteBehavior [ RunTime:0.000017s ]
INFO: [ app_init ] --END-- [ RunTime:0.000363s ]
ERR: 无法加载模块:Public

[ 2015-11-08T13:47:18+08:00 ] 127.0.0.1 /mymall/Public/Admin/css/.css
INFO: [ app_init ] --START--
INFO: Run Behavior\BuildLiteBehavior [ RunTime:0.000023s ]
INFO: [ app_init ] --END-- [ RunTime:0.000485s ]
ERR: 无法加载模块:Public

[ 2015-11-08T13:47:18+08:00 ] 127.0.0.1 /mymall/Public/Admin/images/bg/bg.png
INFO: [ app_init ] --START--
INFO: Run Behavior\BuildLiteBehavior [ RunTime:0.000020s ]
INFO: [ app_init ] --END-- [ RunTime:0.000402s ]
ERR: 无法加载模块:Public

[ 2015-11-08T13:51:14+08:00 ] 127.0.0.1 /mymall/Public/Admin/css/.css
INFO: [ app_init ] --START--
INFO: Run Behavior\BuildLiteBehavior [ RunTime:0.000026s ]
INFO: [ app_init ] --END-- [ RunTime:0.000493s ]
ERR: 无法加载模块:Public

[ 2015-11-08T13:51:14+08:00 ] 127.0.0.1 /mymall/Public/Admin/images/bg/bg.png
INFO: [ app_init ] --START--
INFO: Run Behavior\BuildLiteBehavior [ RunTime:0.000021s ]
INFO: [ app_init ] --END-- [ RunTime:0.000388s ]
ERR: 无法加载模块:Public

[ 2015-11-08T13:51:42+08:00 ] 127.0.0.1 /mymall/Public/Admin/css/.css
INFO: [ app_init ] --START--
INFO: Run Behavior\BuildLiteBehavior [ RunTime:0.000049s ]
INFO: [ app_init ] --END-- [ RunTime:0.000658s ]
ERR: 无法加载模块:Public

[ 2015-11-08T13:51:50+08:00 ] 127.0.0.1 /mymall/Public/Admin/css/.css
INFO: [ app_init ] --START--
INFO: Run Behavior\BuildLiteBehavior [ RunTime:0.000041s ]
INFO: [ app_init ] --END-- [ RunTime:0.000702s ]
ERR: 无法加载模块:Public

[ 2015-11-08T13:54:00+08:00 ] 127.0.0.1 /mymall/Public/Admin/css/.css
INFO: [ app_init ] --START--
INFO: Run Behavior\BuildLiteBehavior [ RunTime:0.000020s ]
INFO: [ app_init ] --END-- [ RunTime:0.000839s ]
ERR: 无法加载模块:Public

[ 2015-11-08T13:54:30+08:00 ] 127.0.0.1 /mymall/Public/Admin/css/.css
INFO: [ app_init ] --START--
INFO: Run Behavior\BuildLiteBehavior [ RunTime:0.000021s ]
INFO: [ app_init ] --END-- [ RunTime:0.000398s ]
ERR: 无法加载模块:Public

[ 2015-11-08T13:54:30+08:00 ] 127.0.0.1 /mymall/Public/Admin/images/bg/bg.png
INFO: [ app_init ] --START--
INFO: Run Behavior\BuildLiteBehavior [ RunTime:0.000020s ]
INFO: [ app_init ] --END-- [ RunTime:0.000385s ]
ERR: 无法加载模块:Public

[ 2015-11-08T13:54:57+08:00 ] 127.0.0.1 /mymall/Public/static/jquery-2.0.3.min.map
INFO: [ app_init ] --START--
INFO: Run Behavior\BuildLiteBehavior [ RunTime:0.000018s ]
INFO: [ app_init ] --END-- [ RunTime:0.000380s ]
ERR: 无法加载模块:Public

[ 2015-11-08T13:54:59+08:00 ] 127.0.0.1 /mymall/Public/Admin/css/.css
INFO: [ app_init ] --START--
INFO: Run Behavior\BuildLiteBehavior [ RunTime:0.000022s ]
INFO: [ app_init ] --END-- [ RunTime:0.000382s ]
ERR: 无法加载模块:Public

[ 2015-11-08T13:54:59+08:00 ] 127.0.0.1 /mymall/Public/static/jquery-2.0.3.min.map
INFO: [ app_init ] --START--
INFO: Run Behavior\BuildLiteBehavior [ RunTime:0.000018s ]
INFO: [ app_init ] --END-- [ RunTime:0.000367s ]
ERR: 无法加载模块:Public

[ 2015-11-08T13:55:04+08:00 ] 127.0.0.1 /mymall/Public/Admin/images/bg/bg.png
INFO: [ app_init ] --START--
INFO: Run Behavior\BuildLiteBehavior [ RunTime:0.000048s ]
INFO: [ app_init ] --END-- [ RunTime:0.000981s ]
ERR: 无法加载模块:Public

[ 2015-11-08T13:55:56+08:00 ] 127.0.0.1 /mymall/Public/Admin/css/.css
INFO: [ app_init ] --START--
INFO: Run Behavior\BuildLiteBehavior [ RunTime:0.000031s ]
INFO: [ app_init ] --END-- [ RunTime:0.000458s ]
ERR: 无法加载模块:Public

[ 2015-11-08T13:55:56+08:00 ] 127.0.0.1 /mymall/Public/static/jquery-2.0.3.min.map
INFO: [ app_init ] --START--
INFO: Run Behavior\BuildLiteBehavior [ RunTime:0.000018s ]
INFO: [ app_init ] --END-- [ RunTime:0.000391s ]
ERR: 无法加载模块:Public

[ 2015-11-08T13:55:56+08:00 ] 127.0.0.1 /mymall/Public/Admin/images/bg/bg.png
INFO: [ app_init ] --START--
INFO: Run Behavior\BuildLiteBehavior [ RunTime:0.000021s ]
INFO: [ app_init ] --END-- [ RunTime:0.000395s ]
ERR: 无法加载模块:Public

[ 2015-11-08T13:56:25+08:00 ] 127.0.0.1 /mymall/Public/Admin/css/.css
INFO: [ app_init ] --START--
INFO: Run Behavior\BuildLiteBehavior [ RunTime:0.000037s ]
INFO: [ app_init ] --END-- [ RunTime:0.000595s ]
ERR: 无法加载模块:Public

[ 2015-11-08T13:57:38+08:00 ] 127.0.0.1 /mymall/Public/Admin/css/.css
INFO: [ app_init ] --START--
INFO: Run Behavior\BuildLiteBehavior [ RunTime:0.000028s ]
INFO: [ app_init ] --END-- [ RunTime:0.000543s ]
ERR: 无法加载模块:Public

[ 2015-11-08T13:57:38+08:00 ] 127.0.0.1 /mymall/Public/static/jquery-2.0.3.min.map
INFO: [ app_init ] --START--
INFO: Run Behavior\BuildLiteBehavior [ RunTime:0.000020s ]
INFO: [ app_init ] --END-- [ RunTime:0.000439s ]
ERR: 无法加载模块:Public

[ 2015-11-08T13:57:38+08:00 ] 127.0.0.1 /mymall/Public/Admin/images/bg/bg.png
INFO: [ app_init ] --START--
INFO: Run Behavior\BuildLiteBehavior [ RunTime:0.000020s ]
INFO: [ app_init ] --END-- [ RunTime:0.000408s ]
ERR: 无法加载模块:Public

[ 2015-11-08T13:57:52+08:00 ] 127.0.0.1 /mymall/Public/Admin/css/.css
INFO: [ app_init ] --START--
INFO: Run Behavior\BuildLiteBehavior [ RunTime:0.000020s ]
INFO: [ app_init ] --END-- [ RunTime:0.000478s ]
ERR: 无法加载模块:Public

[ 2015-11-08T13:57:52+08:00 ] 127.0.0.1 /mymall/Public/static/jquery-2.0.3.min.map
INFO: [ app_init ] --START--
INFO: Run Behavior\BuildLiteBehavior [ RunTime:0.000017s ]
INFO: [ app_init ] --END-- [ RunTime:0.000393s ]
ERR: 无法加载模块:Public

[ 2015-11-08T13:57:52+08:00 ] 127.0.0.1 /mymall/Public/Admin/images/bg/bg.png
INFO: [ app_init ] --START--
INFO: Run Behavior\BuildLiteBehavior [ RunTime:0.000038s ]
INFO: [ app_init ] --END-- [ RunTime:0.000494s ]
ERR: 无法加载模块:Public

[ 2015-11-08T13:58:37+08:00 ] 127.0.0.1 /mymall/Public/Admin/css/.css
INFO: [ app_init ] --START--
INFO: Run Behavior\BuildLiteBehavior [ RunTime:0.000023s ]
INFO: [ app_init ] --END-- [ RunTime:0.000429s ]
ERR: 无法加载模块:Public

[ 2015-11-08T13:58:37+08:00 ] 127.0.0.1 /mymall/Public/static/jquery-2.0.3.min.map
INFO: [ app_init ] --START--
INFO: Run Behavior\BuildLiteBehavior [ RunTime:0.000018s ]
INFO: [ app_init ] --END-- [ RunTime:0.000353s ]
ERR: 无法加载模块:Public

[ 2015-11-08T13:58:37+08:00 ] 127.0.0.1 /mymall/Public/Admin/images/bg/bg.png
INFO: [ app_init ] --START--
INFO: Run Behavior\BuildLiteBehavior [ RunTime:0.000023s ]
INFO: [ app_init ] --END-- [ RunTime:0.000520s ]
ERR: 无法加载模块:Public

[ 2015-11-08T13:59:42+08:00 ] 127.0.0.1 /mymall/Public/Admin/css/.css
INFO: [ app_init ] --START--
INFO: Run Behavior\BuildLiteBehavior [ RunTime:0.000022s ]
INFO: [ app_init ] --END-- [ RunTime:0.000415s ]
ERR: 无法加载模块:Public

[ 2015-11-08T13:59:42+08:00 ] 127.0.0.1 /mymall/Public/static/jquery-2.0.3.min.map
INFO: [ app_init ] --START--
INFO: Run Behavior\BuildLiteBehavior [ RunTime:0.000018s ]
INFO: [ app_init ] --END-- [ RunTime:0.000363s ]
ERR: 无法加载模块:Public

[ 2015-11-08T13:59:42+08:00 ] 127.0.0.1 /mymall/Public/Admin/images/bg/bg.png
INFO: [ app_init ] --START--
INFO: Run Behavior\BuildLiteBehavior [ RunTime:0.000021s ]
INFO: [ app_init ] --END-- [ RunTime:0.000404s ]
ERR: 无法加载模块:Public

[ 2015-11-08T14:00:11+08:00 ] 127.0.0.1 /mymall/Public/Admin/css/.css
INFO: [ app_init ] --START--
INFO: Run Behavior\BuildLiteBehavior [ RunTime:0.000022s ]
INFO: [ app_init ] --END-- [ RunTime:0.000422s ]
ERR: 无法加载模块:Public

[ 2015-11-08T14:00:11+08:00 ] 127.0.0.1 /mymall/Public/static/jquery-2.0.3.min.map
INFO: [ app_init ] --START--
INFO: Run Behavior\BuildLiteBehavior [ RunTime:0.000019s ]
INFO: [ app_init ] --END-- [ RunTime:0.000361s ]
ERR: 无法加载模块:Public

[ 2015-11-08T14:00:11+08:00 ] 127.0.0.1 /mymall/Public/Admin/images/bg/bg.png
INFO: [ app_init ] --START--
INFO: Run Behavior\BuildLiteBehavior [ RunTime:0.000026s ]
INFO: [ app_init ] --END-- [ RunTime:0.000427s ]
ERR: 无法加载模块:Public

[ 2015-11-08T14:01:24+08:00 ] 127.0.0.1 /mymall/Public/Admin/css/.css
INFO: [ app_init ] --START--
INFO: Run Behavior\BuildLiteBehavior [ RunTime:0.000026s ]
INFO: [ app_init ] --END-- [ RunTime:0.000577s ]
ERR: 无法加载模块:Public

[ 2015-11-08T14:01:24+08:00 ] 127.0.0.1 /mymall/Public/static/jquery-2.0.3.min.map
INFO: [ app_init ] --START--
INFO: Run Behavior\BuildLiteBehavior [ RunTime:0.000017s ]
INFO: [ app_init ] --END-- [ RunTime:0.000389s ]
ERR: 无法加载模块:Public

[ 2015-11-08T14:01:24+08:00 ] 127.0.0.1 /mymall/Public/Admin/images/bg/bg.png
INFO: [ app_init ] --START--
INFO: Run Behavior\BuildLiteBehavior [ RunTime:0.000021s ]
INFO: [ app_init ] --END-- [ RunTime:0.000428s ]
ERR: 无法加载模块:Public

[ 2015-11-08T14:47:34+08:00 ] 127.0.0.1 /mymall/Public/Admin/css/.css
INFO: [ app_init ] --START--
INFO: Run Behavior\BuildLiteBehavior [ RunTime:0.000019s ]
INFO: [ app_init ] --END-- [ RunTime:0.000366s ]
ERR: 无法加载模块:Public

[ 2015-11-08T15:37:49+08:00 ] 127.0.0.1 /mymall/Public/Admin/css/.css
INFO: [ app_init ] --START--
INFO: Run Behavior\BuildLiteBehavior [ RunTime:0.000020s ]
INFO: [ app_init ] --END-- [ RunTime:0.000468s ]
ERR: 无法加载模块:Public

[ 2015-11-08T15:37:49+08:00 ] 127.0.0.1 /mymall/Public/Ueditor/lang/zh-cn/zh-cn.js
INFO: [ app_init ] --START--
INFO: Run Behavior\BuildLiteBehavior [ RunTime:0.000019s ]
INFO: [ app_init ] --END-- [ RunTime:0.000384s ]
ERR: 无法加载模块:Public

[ 2015-11-08T15:37:49+08:00 ] 127.0.0.1 /mymall/Public/Ueditor/themes/default/css/ueditor.css
INFO: [ app_init ] --START--
INFO: Run Behavior\BuildLiteBehavior [ RunTime:0.000021s ]
INFO: [ app_init ] --END-- [ RunTime:0.000417s ]
ERR: 无法加载模块:Public

[ 2015-11-08T15:37:49+08:00 ] 127.0.0.1 /mymall/Public/Ueditor/php/controller.php?action=config&&noCache=1446968269807
INFO: [ app_init ] --START--
INFO: Run Behavior\BuildLiteBehavior [ RunTime:0.000021s ]
INFO: [ app_init ] --END-- [ RunTime:0.000401s ]
ERR: 无法加载模块:Public

[ 2015-11-08T15:37:53+08:00 ] 127.0.0.1 /mymall/Public/Admin/css/.css
INFO: [ app_init ] --START--
INFO: Run Behavior\BuildLiteBehavior [ RunTime:0.000095s ]
INFO: [ app_init ] --END-- [ RunTime:0.001528s ]
ERR: 无法加载模块:Public

[ 2015-11-08T15:37:53+08:00 ] 127.0.0.1 /mymall/Public/Ueditor/themes/default/css/ueditor.css
INFO: [ app_init ] --START--
INFO: Run Behavior\BuildLiteBehavior [ RunTime:0.000023s ]
INFO: [ app_init ] --END-- [ RunTime:0.001196s ]
ERR: 无法加载模块:Public

[ 2015-11-08T15:38:15+08:00 ] 127.0.0.1 /mymall/Public/Admin/css/.css
INFO: [ app_init ] --START--
INFO: Run Behavior\BuildLiteBehavior [ RunTime:0.000030s ]
INFO: [ app_init ] --END-- [ RunTime:0.000674s ]
ERR: 无法加载模块:Public

[ 2015-11-08T15:38:38+08:00 ] 127.0.0.1 /mymall/Public/Admin/css/.css
INFO: [ app_init ] --START--
INFO: Run Behavior\BuildLiteBehavior [ RunTime:0.000088s ]
INFO: [ app_init ] --END-- [ RunTime:0.000689s ]
ERR: 无法加载模块:Public

[ 2015-11-08T15:38:43+08:00 ] 127.0.0.1 /mymall/Public/Admin/css/.css
INFO: [ app_init ] --START--
INFO: Run Behavior\BuildLiteBehavior [ RunTime:0.000020s ]
INFO: [ app_init ] --END-- [ RunTime:0.000407s ]
ERR: 无法加载模块:Public

[ 2015-11-08T15:40:44+08:00 ] 127.0.0.1 /mymall/Public/Admin/css/.css
INFO: [ app_init ] --START--
INFO: Run Behavior\BuildLiteBehavior [ RunTime:0.000031s ]
INFO: [ app_init ] --END-- [ RunTime:0.000500s ]
ERR: 无法加载模块:Public

[ 2015-11-08T15:40:51+08:00 ] 127.0.0.1 /mymall/Public/Admin/css/.css
INFO: [ app_init ] --START--
INFO: Run Behavior\BuildLiteBehavior [ RunTime:0.000021s ]
INFO: [ app_init ] --END-- [ RunTime:0.000357s ]
ERR: 无法加载模块:Public

[ 2015-11-08T15:41:46+08:00 ] 127.0.0.1 /mymall/Public/Admin/css/.css
INFO: [ app_init ] --START--
INFO: Run Behavior\BuildLiteBehavior [ RunTime:0.000020s ]
INFO: [ app_init ] --END-- [ RunTime:0.000398s ]
ERR: 无法加载模块:Public

[ 2015-11-08T15:41:51+08:00 ] 127.0.0.1 /mymall/Public/Admin/css/.css
INFO: [ app_init ] --START--
INFO: Run Behavior\BuildLiteBehavior [ RunTime:0.000018s ]
INFO: [ app_init ] --END-- [ RunTime:0.000408s ]
ERR: 无法加载模块:Public

[ 2015-11-08T15:41:58+08:00 ] 127.0.0.1 /mymall/Public/Admin/css/.css
INFO: [ app_init ] --START--
INFO: Run Behavior\BuildLiteBehavior [ RunTime:0.000019s ]
INFO: [ app_init ] --END-- [ RunTime:0.000381s ]
ERR: 无法加载模块:Public

[ 2015-11-08T15:42:33+08:00 ] 127.0.0.1 /mymall/Public/Admin/css/.css
INFO: [ app_init ] --START--
INFO: Run Behavior\BuildLiteBehavior [ RunTime:0.000019s ]
INFO: [ app_init ] --END-- [ RunTime:0.000400s ]
ERR: 无法加载模块:Public

[ 2015-11-08T15:48:46+08:00 ] 127.0.0.1 /mymall/Public/Admin/css/.css
INFO: [ app_init ] --START--
INFO: Run Behavior\BuildLiteBehavior [ RunTime:0.000019s ]
INFO: [ app_init ] --END-- [ RunTime:0.000377s ]
ERR: 无法加载模块:Public

[ 2015-11-08T15:48:46+08:00 ] 127.0.0.1 /mymall/Public/Admin/images/bg/bg.png
INFO: [ app_init ] --START--
INFO: Run Behavior\BuildLiteBehavior [ RunTime:0.000020s ]
INFO: [ app_init ] --END-- [ RunTime:0.000391s ]
ERR: 无法加载模块:Public

[ 2015-11-08T15:49:10+08:00 ] 127.0.0.1 /mymall/Public/static/jquery-2.0.3.min.map
INFO: [ app_init ] --START--
INFO: Run Behavior\BuildLiteBehavior [ RunTime:0.000058s ]
INFO: [ app_init ] --END-- [ RunTime:0.000627s ]
ERR: 无法加载模块:Public

[ 2015-11-08T15:50:30+08:00 ] 127.0.0.1 /mymall/Public/Admin/css/.css
INFO: [ app_init ] --START--
INFO: Run Behavior\BuildLiteBehavior [ RunTime:0.000019s ]
INFO: [ app_init ] --END-- [ RunTime:0.000394s ]
ERR: 无法加载模块:Public

[ 2015-11-08T15:58:14+08:00 ] 127.0.0.1 /mymall/Public/Admin/css/.css
INFO: [ app_init ] --START--
INFO: Run Behavior\BuildLiteBehavior [ RunTime:0.000019s ]
INFO: [ app_init ] --END-- [ RunTime:0.000387s ]
ERR: 无法加载模块:Public

[ 2015-11-08T15:58:14+08:00 ] 127.0.0.1 /mymall/Public/Admin/images/bg/bg.png
INFO: [ app_init ] --START--
INFO: Run Behavior\BuildLiteBehavior [ RunTime:0.000020s ]
INFO: [ app_init ] --END-- [ RunTime:0.000379s ]
ERR: 无法加载模块:Public

[ 2015-11-08T15:58:22+08:00 ] 127.0.0.1 /mymall/ueditor/php/upload/image/20151108/1446969501225271.jpg
INFO: [ app_init ] --START--
INFO: Run Behavior\BuildLiteBehavior [ RunTime:0.000087s ]
INFO: [ app_init ] --END-- [ RunTime:0.001251s ]
ERR: 无法加载模块:Ueditor

[ 2015-11-08T15:58:45+08:00 ] 127.0.0.1 /mymall/Public/Admin/css/.css
INFO: [ app_init ] --START--
INFO: Run Behavior\BuildLiteBehavior [ RunTime:0.000057s ]
INFO: [ app_init ] --END-- [ RunTime:0.000666s ]
ERR: 无法加载模块:Public

[ 2015-11-08T15:58:52+08:00 ] 127.0.0.1 /mymall/ueditor/php/upload/image/20151108/1446969531199753.jpg
INFO: [ app_init ] --START--
INFO: Run Behavior\BuildLiteBehavior [ RunTime:0.000019s ]
INFO: [ app_init ] --END-- [ RunTime:0.000455s ]
ERR: 无法加载模块:Ueditor

[ 2015-11-08T15:58:58+08:00 ] 127.0.0.1 /mymall/ueditor/php/upload/image/20151108/1446969531199753.jpg
INFO: [ app_init ] --START--
INFO: Run Behavior\BuildLiteBehavior [ RunTime:0.000044s ]
INFO: [ app_init ] --END-- [ RunTime:0.000676s ]
ERR: 无法加载模块:Ueditor

[ 2015-11-08T15:59:10+08:00 ] 127.0.0.1 /mymall/Public/Admin/css/.css
INFO: [ app_init ] --START--
INFO: Run Behavior\BuildLiteBehavior [ RunTime:0.000046s ]
INFO: [ app_init ] --END-- [ RunTime:0.000682s ]
ERR: 无法加载模块:Public

[ 2015-11-08T16:55:10+08:00 ] 127.0.0.1 /mymall/Public/static/jquery-2.0.3.min.map
INFO: [ app_init ] --START--
INFO: Run Behavior\BuildLiteBehavior [ RunTime:0.000019s ]
INFO: [ app_init ] --END-- [ RunTime:0.000375s ]
ERR: 无法加载模块:Public

[ 2015-11-08T17:11:24+08:00 ] 127.0.0.1 /mymall/Public/Admin/css/.css
INFO: [ app_init ] --START--
INFO: Run Behavior\BuildLiteBehavior [ RunTime:0.000019s ]
INFO: [ app_init ] --END-- [ RunTime:0.000373s ]
ERR: 无法加载模块:Public

[ 2015-11-08T17:11:30+08:00 ] 127.0.0.1 /mymall/Public/Admin/css/.css
INFO: [ app_init ] --START--
INFO: Run Behavior\BuildLiteBehavior [ RunTime:0.000019s ]
INFO: [ app_init ] --END-- [ RunTime:0.000372s ]
ERR: 无法加载模块:Public

[ 2015-11-08T17:12:17+08:00 ] 127.0.0.1 /mymall/Public/Admin/css/.css
INFO: [ app_init ] --START--
INFO: Run Behavior\BuildLiteBehavior [ RunTime:0.000048s ]
INFO: [ app_init ] --END-- [ RunTime:0.000755s ]
ERR: 无法加载模块:Public

[ 2015-11-08T17:13:06+08:00 ] 127.0.0.1 /mymall/Public/Admin/css/.css
INFO: [ app_init ] --START--
INFO: Run Behavior\BuildLiteBehavior [ RunTime:0.000051s ]
INFO: [ app_init ] --END-- [ RunTime:0.000476s ]
ERR: 无法加载模块:Public

[ 2015-11-08T17:13:57+08:00 ] 127.0.0.1 /mymall/Public/Admin/css/.css
INFO: [ app_init ] --START--
INFO: Run Behavior\BuildLiteBehavior [ RunTime:0.000019s ]
INFO: [ app_init ] --END-- [ RunTime:0.000360s ]
ERR: 无法加载模块:Public

[ 2015-11-08T17:17:17+08:00 ] 127.0.0.1 /mymall/Public/Admin/css/.css
INFO: [ app_init ] --START--
INFO: Run Behavior\BuildLiteBehavior [ RunTime:0.000019s ]
INFO: [ app_init ] --END-- [ RunTime:0.000382s ]
ERR: 无法加载模块:Public

[ 2015-11-08T17:17:25+08:00 ] 127.0.0.1 /mymall/Public/Admin/css/.css
INFO: [ app_init ] --START--
INFO: Run Behavior\BuildLiteBehavior [ RunTime:0.000017s ]
INFO: [ app_init ] --END-- [ RunTime:0.000395s ]
ERR: 无法加载模块:Public

[ 2015-11-08T17:17:25+08:00 ] 127.0.0.1 /mymall/Public/Admin/images/bg/bg.png
INFO: [ app_init ] --START--
INFO: Run Behavior\BuildLiteBehavior [ RunTime:0.000019s ]
INFO: [ app_init ] --END-- [ RunTime:0.000386s ]
ERR: 无法加载模块:Public

[ 2015-11-08T17:17:33+08:00 ] 127.0.0.1 /mymall/Public/Admin/css/.css
INFO: [ app_init ] --START--
INFO: Run Behavior\BuildLiteBehavior [ RunTime:0.000041s ]
INFO: [ app_init ] --END-- [ RunTime:0.000620s ]
ERR: 无法加载模块:Public

[ 2015-11-08T17:17:38+08:00 ] 127.0.0.1 /mymall/Public/Admin/images/bg/bg.png
INFO: [ app_init ] --START--
INFO: Run Behavior\BuildLiteBehavior [ RunTime:0.000028s ]
INFO: [ app_init ] --END-- [ RunTime:0.000450s ]
ERR: 无法加载模块:Public

[ 2015-11-08T17:17:43+08:00 ] 127.0.0.1 /mymall/Public/static/jquery-2.0.3.min.map
INFO: [ app_init ] --START--
INFO: Run Behavior\BuildLiteBehavior [ RunTime:0.000020s ]
INFO: [ app_init ] --END-- [ RunTime:0.000390s ]
ERR: 无法加载模块:Public

[ 2015-11-08T17:17:46+08:00 ] 127.0.0.1 /mymall/Public/Admin/css/.css
INFO: [ app_init ] --START--
INFO: Run Behavior\BuildLiteBehavior [ RunTime:0.000018s ]
INFO: [ app_init ] --END-- [ RunTime:0.000371s ]
ERR: 无法加载模块:Public

[ 2015-11-08T17:17:46+08:00 ] 127.0.0.1 /mymall/Public/static/jquery-2.0.3.min.map
INFO: [ app_init ] --START--
INFO: Run Behavior\BuildLiteBehavior [ RunTime:0.000019s ]
INFO: [ app_init ] --END-- [ RunTime:0.000418s ]
ERR: 无法加载模块:Public

[ 2015-11-08T17:17:46+08:00 ] 127.0.0.1 /mymall/Public/Admin/images/bg/bg.png
INFO: [ app_init ] --START--
INFO: Run Behavior\BuildLiteBehavior [ RunTime:0.000017s ]
INFO: [ app_init ] --END-- [ RunTime:0.000386s ]
ERR: 无法加载模块:Public

[ 2015-11-08T17:20:16+08:00 ] 127.0.0.1 /mymall/Public/Admin/css/.css
INFO: [ app_init ] --START--
INFO: Run Behavior\BuildLiteBehavior [ RunTime:0.000019s ]
INFO: [ app_init ] --END-- [ RunTime:0.000368s ]
ERR: 无法加载模块:Public

[ 2015-11-08T17:20:38+08:00 ] 127.0.0.1 /mymall/Public/Admin/css/.css
INFO: [ app_init ] --START--
INFO: Run Behavior\BuildLiteBehavior [ RunTime:0.000020s ]
INFO: [ app_init ] --END-- [ RunTime:0.000401s ]
ERR: 无法加载模块:Public

[ 2015-11-08T17:20:38+08:00 ] 127.0.0.1 /mymall/Public/Admin/images/bg/bg.png
INFO: [ app_init ] --START--
INFO: Run Behavior\BuildLiteBehavior [ RunTime:0.000023s ]
INFO: [ app_init ] --END-- [ RunTime:0.000417s ]
ERR: 无法加载模块:Public

[ 2015-11-08T17:20:54+08:00 ] 127.0.0.1 /mymall/Public/Admin/css/.css
INFO: [ app_init ] --START--
INFO: Run Behavior\BuildLiteBehavior [ RunTime:0.000021s ]
INFO: [ app_init ] --END-- [ RunTime:0.000362s ]
ERR: 无法加载模块:Public

[ 2015-11-08T17:21:18+08:00 ] 127.0.0.1 /mymall/Public/Admin/css/.css
INFO: [ app_init ] --START--
INFO: Run Behavior\BuildLiteBehavior [ RunTime:0.000047s ]
INFO: [ app_init ] --END-- [ RunTime:0.000650s ]
ERR: 无法加载模块:Public

[ 2015-11-08T17:21:32+08:00 ] 127.0.0.1 /mymall/Public/Admin/css/.css
INFO: [ app_init ] --START--
INFO: Run Behavior\BuildLiteBehavior [ RunTime:0.000019s ]
INFO: [ app_init ] --END-- [ RunTime:0.000376s ]
ERR: 无法加载模块:Public

[ 2015-11-08T17:22:07+08:00 ] 127.0.0.1 /mymall/Public/Admin/css/.css
INFO: [ app_init ] --START--
INFO: Run Behavior\BuildLiteBehavior [ RunTime:0.000033s ]
INFO: [ app_init ] --END-- [ RunTime:0.000495s ]
ERR: 无法加载模块:Public

[ 2015-11-08T17:22:07+08:00 ] 127.0.0.1 /mymall/Public/Admin/images/bg/bg.png
INFO: [ app_init ] --START--
INFO: Run Behavior\BuildLiteBehavior [ RunTime:0.000020s ]
INFO: [ app_init ] --END-- [ RunTime:0.000377s ]
ERR: 无法加载模块:Public

[ 2015-11-08T17:22:58+08:00 ] 127.0.0.1 /mymall/Public/Admin/css/.css
INFO: [ app_init ] --START--
INFO: Run Behavior\BuildLiteBehavior [ RunTime:0.000044s ]
INFO: [ app_init ] --END-- [ RunTime:0.000665s ]
ERR: 无法加载模块:Public

[ 2015-11-08T17:43:11+08:00 ] 127.0.0.1 /mymall/Public/Admin/css/.css
INFO: [ app_init ] --START--
INFO: Run Behavior\BuildLiteBehavior [ RunTime:0.000020s ]
SQL: SHOW COLUMNS FROM `my_hooks` [ RunTime:0.0041s ]
SQL: SELECT `name`,`addons` FROM `my_hooks`  [ RunTime:0.0002s ]
SQL: SHOW COLUMNS FROM `my_addons` [ RunTime:0.0029s ]
SQL: SELECT `id`,`name` FROM `my_addons` WHERE `status` = 1 AND `name` IN ('ReturnTop')  [ RunTime:0.0002s ]
SQL: SELECT `id`,`name` FROM `my_addons` WHERE `status` = 1 AND `name` IN ('Attachment')  [ RunTime:0.0001s ]
NOTIC: [2] array_map() expects parameter 1 to be a valid callback, function 'get_addon_class' not found or invalid function name D:\wamp\www\mymall\Application\Common\Behavior\InitHookBehavior.class.php 第 34 行.
SQL: SELECT `id`,`name` FROM `my_addons` WHERE `status` = 1 AND `name` IN ('Attachment','SocialComment')  [ RunTime:0.0001s ]
NOTIC: [2] array_map() expects parameter 1 to be a valid callback, function 'get_addon_class' not found or invalid function name D:\wamp\www\mymall\Application\Common\Behavior\InitHookBehavior.class.php 第 34 行.
SQL: SELECT `id`,`name` FROM `my_addons` WHERE `status` = 1 AND `name` IN ('Attachment')  [ RunTime:0.0001s ]
NOTIC: [2] array_map() expects parameter 1 to be a valid callback, function 'get_addon_class' not found or invalid function name D:\wamp\www\mymall\Application\Common\Behavior\InitHookBehavior.class.php 第 34 行.
SQL: SELECT `id`,`name` FROM `my_addons` WHERE `status` = 1 AND `name` IN ('Editor')  [ RunTime:0.0001s ]
NOTIC: [2] array_map() expects parameter 1 to be a valid callback, function 'get_addon_class' not found or invalid function name D:\wamp\www\mymall\Application\Common\Behavior\InitHookBehavior.class.php 第 34 行.
SQL: SELECT `id`,`name` FROM `my_addons` WHERE `status` = 1 AND `name` IN ('EditorForAdmin')  [ RunTime:0.0001s ]
NOTIC: [2] array_map() expects parameter 1 to be a valid callback, function 'get_addon_class' not found or invalid function name D:\wamp\www\mymall\Application\Common\Behavior\InitHookBehavior.class.php 第 34 行.
SQL: SELECT `id`,`name` FROM `my_addons` WHERE `status` = 1 AND `name` IN ('SiteStat','SystemInfo','DevTeam')  [ RunTime:0.0001s ]
NOTIC: [2] array_map() expects parameter 1 to be a valid callback, function 'get_addon_class' not found or invalid function name D:\wamp\www\mymall\Application\Common\Behavior\InitHookBehavior.class.php 第 34 行.
SQL: SELECT `id`,`name` FROM `my_addons` WHERE `status` = 1 AND `name` IN ('Editor')  [ RunTime:0.0001s ]
NOTIC: [2] array_map() expects parameter 1 to be a valid callback, function 'get_addon_class' not found or invalid function name D:\wamp\www\mymall\Application\Common\Behavior\InitHookBehavior.class.php 第 34 行.
INFO: Run Common\Behavior\InitHookBehavior [ RunTime:0.021421s ]
INFO: [ app_init ] --END-- [ RunTime:0.021858s ]
ERR: 无法加载模块:Public

[ 2015-11-08T18:15:35+08:00 ] 127.0.0.1 /mymall/Public/Admin/css/.css
INFO: [ app_init ] --START--
INFO: Run Behavior\BuildLiteBehavior [ RunTime:0.000023s ]
INFO: Run Common\Behavior\InitHookBehavior [ RunTime:0.002445s ]
INFO: [ app_init ] --END-- [ RunTime:0.002962s ]
ERR: 无法加载模块:Public

[ 2015-11-08T18:15:35+08:00 ] 127.0.0.1 /mymall/Public/Admin/images/bg/bg.png
INFO: [ app_init ] --START--
INFO: Run Behavior\BuildLiteBehavior [ RunTime:0.000021s ]
INFO: Run Common\Behavior\InitHookBehavior [ RunTime:0.002127s ]
INFO: [ app_init ] --END-- [ RunTime:0.002598s ]
ERR: 无法加载模块:Public

[ 2015-11-08T18:16:23+08:00 ] 127.0.0.1 /mymall/Public/Admin/css/.css
INFO: [ app_init ] --START--
INFO: Run Behavior\BuildLiteBehavior [ RunTime:0.000041s ]
INFO: Run Common\Behavior\InitHookBehavior [ RunTime:0.002313s ]
INFO: [ app_init ] --END-- [ RunTime:0.002914s ]
ERR: 无法加载模块:Public

[ 2015-11-08T19:33:11+08:00 ] 127.0.0.1 /mymall/Public/Admin/css/.css
INFO: [ app_init ] --START--
INFO: Run Behavior\BuildLiteBehavior [ RunTime:0.000018s ]
INFO: Run Common\Behavior\InitHookBehavior [ RunTime:0.001816s ]
INFO: [ app_init ] --END-- [ RunTime:0.002198s ]
ERR: 无法加载模块:Public

[ 2015-11-08T19:33:11+08:00 ] 127.0.0.1 /mymall/Public/Admin/images/bg/bg.png
INFO: [ app_init ] --START--
INFO: Run Behavior\BuildLiteBehavior [ RunTime:0.000034s ]
INFO: Run Common\Behavior\InitHookBehavior [ RunTime:0.003240s ]
INFO: [ app_init ] --END-- [ RunTime:0.003800s ]
ERR: 无法加载模块:Public

[ 2015-11-08T19:33:40+08:00 ] 127.0.0.1 /mymall/Public/Admin/css/.css
INFO: [ app_init ] --START--
INFO: Run Behavior\BuildLiteBehavior [ RunTime:0.000046s ]
INFO: Run Common\Behavior\InitHookBehavior [ RunTime:0.002624s ]
INFO: [ app_init ] --END-- [ RunTime:0.003377s ]
ERR: 无法加载模块:Public

[ 2015-11-08T19:33:40+08:00 ] 127.0.0.1 /mymall/Public/Admin/images/bg/bg.png
INFO: [ app_init ] --START--
INFO: Run Behavior\BuildLiteBehavior [ RunTime:0.000042s ]
INFO: Run Common\Behavior\InitHookBehavior [ RunTime:0.004738s ]
INFO: [ app_init ] --END-- [ RunTime:0.005393s ]
ERR: 无法加载模块:Public

[ 2015-11-08T19:36:30+08:00 ] 127.0.0.1 /mymall/Public/Admin/css/.css
INFO: [ app_init ] --START--
INFO: Run Behavior\BuildLiteBehavior [ RunTime:0.000020s ]
INFO: Run Common\Behavior\InitHookBehavior [ RunTime:0.002138s ]
INFO: [ app_init ] --END-- [ RunTime:0.002586s ]
ERR: 无法加载模块:Public

[ 2015-11-08T19:45:44+08:00 ] 127.0.0.1 /mymall/Public/Admin/css/.css
INFO: [ app_init ] --START--
INFO: Run Behavior\BuildLiteBehavior [ RunTime:0.000037s ]
INFO: Run Common\Behavior\InitHookBehavior [ RunTime:0.003144s ]
INFO: [ app_init ] --END-- [ RunTime:0.003976s ]
ERR: 无法加载模块:Public

[ 2015-11-08T19:45:44+08:00 ] 127.0.0.1 /mymall/Public/Admin/images/bg/bg.png
INFO: [ app_init ] --START--
INFO: Run Behavior\BuildLiteBehavior [ RunTime:0.000020s ]
INFO: Run Common\Behavior\InitHookBehavior [ RunTime:0.001864s ]
INFO: [ app_init ] --END-- [ RunTime:0.002262s ]
ERR: 无法加载模块:Public

[ 2015-11-08T19:45:54+08:00 ] 127.0.0.1 /mymall/Public/Admin/css/.css
INFO: [ app_init ] --START--
INFO: Run Behavior\BuildLiteBehavior [ RunTime:0.000019s ]
INFO: Run Common\Behavior\InitHookBehavior [ RunTime:0.002011s ]
INFO: [ app_init ] --END-- [ RunTime:0.002444s ]
ERR: 无法加载模块:Public

[ 2015-11-08T19:45:57+08:00 ] 127.0.0.1 /mymall/Public/Admin/css/.css
INFO: [ app_init ] --START--
INFO: Run Behavior\BuildLiteBehavior [ RunTime:0.000019s ]
INFO: Run Common\Behavior\InitHookBehavior [ RunTime:0.001443s ]
INFO: [ app_init ] --END-- [ RunTime:0.001816s ]
ERR: 无法加载模块:Public

[ 2015-11-08T19:45:58+08:00 ] 127.0.0.1 /mymall/Public/Admin/css/.css
INFO: [ app_init ] --START--
INFO: Run Behavior\BuildLiteBehavior [ RunTime:0.000055s ]
INFO: Run Common\Behavior\InitHookBehavior [ RunTime:0.002051s ]
INFO: [ app_init ] --END-- [ RunTime:0.002734s ]
ERR: 无法加载模块:Public

[ 2015-11-08T19:46:22+08:00 ] 127.0.0.1 /mymall/Public/Admin/css/.css
INFO: [ app_init ] --START--
INFO: Run Behavior\BuildLiteBehavior [ RunTime:0.000019s ]
INFO: Run Common\Behavior\InitHookBehavior [ RunTime:0.002040s ]
INFO: [ app_init ] --END-- [ RunTime:0.002432s ]
ERR: 无法加载模块:Public

[ 2015-11-08T19:46:23+08:00 ] 127.0.0.1 /mymall/Public/Admin/css/.css
INFO: [ app_init ] --START--
INFO: Run Behavior\BuildLiteBehavior [ RunTime:0.000021s ]
INFO: Run Common\Behavior\InitHookBehavior [ RunTime:0.002037s ]
INFO: [ app_init ] --END-- [ RunTime:0.002481s ]
ERR: 无法加载模块:Public

[ 2015-11-08T19:46:24+08:00 ] 127.0.0.1 /mymall/Public/Admin/css/.css
INFO: [ app_init ] --START--
INFO: Run Behavior\BuildLiteBehavior [ RunTime:0.000020s ]
INFO: Run Common\Behavior\InitHookBehavior [ RunTime:0.002574s ]
INFO: [ app_init ] --END-- [ RunTime:0.003040s ]
ERR: 无法加载模块:Public

[ 2015-11-08T19:47:55+08:00 ] 127.0.0.1 /mymall/Public/Admin/css/.css
INFO: [ app_init ] --START--
INFO: Run Behavior\BuildLiteBehavior [ RunTime:0.000107s ]
INFO: Run Common\Behavior\InitHookBehavior [ RunTime:0.002395s ]
INFO: [ app_init ] --END-- [ RunTime:0.003178s ]
ERR: 无法加载模块:Public

[ 2015-11-08T19:47:55+08:00 ] 127.0.0.1 /mymall/Public/Admin/images/bg/bg.png
INFO: [ app_init ] --START--
INFO: Run Behavior\BuildLiteBehavior [ RunTime:0.000020s ]
INFO: Run Common\Behavior\InitHookBehavior [ RunTime:0.002184s ]
INFO: [ app_init ] --END-- [ RunTime:0.002625s ]
ERR: 无法加载模块:Public

[ 2015-11-08T19:48:31+08:00 ] 127.0.0.1 /mymall/Public/Admin/css/.css
INFO: [ app_init ] --START--
INFO: Run Behavior\BuildLiteBehavior [ RunTime:0.000019s ]
INFO: Run Common\Behavior\InitHookBehavior [ RunTime:0.001791s ]
INFO: [ app_init ] --END-- [ RunTime:0.002200s ]
ERR: 无法加载模块:Public

[ 2015-11-08T19:49:11+08:00 ] 127.0.0.1 /mymall/Public/Admin/css/.css
INFO: [ app_init ] --START--
INFO: Run Behavior\BuildLiteBehavior [ RunTime:0.000021s ]
INFO: Run Common\Behavior\InitHookBehavior [ RunTime:0.002052s ]
INFO: [ app_init ] --END-- [ RunTime:0.002483s ]
ERR: 无法加载模块:Public

[ 2015-11-08T19:49:36+08:00 ] 127.0.0.1 /mymall/Public/Admin/css/.css
INFO: [ app_init ] --START--
NOTIC: [8] Undefined variable: tags D:\wamp\www\mymall\ThinkPHP\Library\Think\Hook.class.php 第 87 行.
INFO: Run Behavior\BuildLiteBehavior [ RunTime:0.000020s ]
INFO: Run Common\Behavior\InitHookBehavior [ RunTime:0.001933s ]
INFO: [ app_init ] --END-- [ RunTime:0.002437s ]
ERR: 无法加载模块:Public

[ 2015-11-08T19:49:55+08:00 ] 127.0.0.1 /mymall/Public/Admin/css/.css
INFO: [ app_init ] --START--
INFO: Run Behavior\BuildLiteBehavior [ RunTime:0.000019s ]
INFO: Run Common\Behavior\InitHookBehavior [ RunTime:0.001937s ]
INFO: [ app_init ] --END-- [ RunTime:0.002382s ]
ERR: 无法加载模块:Public

[ 2015-11-08T19:52:15+08:00 ] 127.0.0.1 /mymall/Public/Admin/css/.css
INFO: [ app_init ] --START--
INFO: Run Behavior\BuildLiteBehavior [ RunTime:0.000031s ]
INFO: Run Common\Behavior\InitHookBehavior [ RunTime:0.002439s ]
INFO: [ app_init ] --END-- [ RunTime:0.003139s ]
ERR: 无法加载模块:Public

[ 2015-11-08T19:52:15+08:00 ] 127.0.0.1 /mymall/Public/Admin/images/bg/bg.png
INFO: [ app_init ] --START--
INFO: Run Behavior\BuildLiteBehavior [ RunTime:0.000063s ]
INFO: Run Common\Behavior\InitHookBehavior [ RunTime:0.002811s ]
INFO: [ app_init ] --END-- [ RunTime:0.003740s ]
ERR: 无法加载模块:Public

[ 2015-11-08T19:52:23+08:00 ] 127.0.0.1 /mymall/Public/Admin/css/.css
INFO: [ app_init ] --START--
INFO: Run Behavior\BuildLiteBehavior [ RunTime:0.000021s ]
INFO: Run Common\Behavior\InitHookBehavior [ RunTime:0.001861s ]
INFO: [ app_init ] --END-- [ RunTime:0.002324s ]
ERR: 无法加载模块:Public

[ 2015-11-08T19:52:23+08:00 ] 127.0.0.1 /mymall/Public/Admin/images/bg/bg.png
INFO: [ app_init ] --START--
INFO: Run Behavior\BuildLiteBehavior [ RunTime:0.000059s ]
INFO: Run Common\Behavior\InitHookBehavior [ RunTime:0.002737s ]
INFO: [ app_init ] --END-- [ RunTime:0.003612s ]
ERR: 无法加载模块:Public

[ 2015-11-08T21:00:00+08:00 ] 127.0.0.1 /mymall/Public/Admin/css/.css
INFO: [ app_init ] --START--
INFO: Run Behavior\BuildLiteBehavior [ RunTime:0.000054s ]
INFO: Run Common\Behavior\InitHookBehavior [ RunTime:0.003801s ]
INFO: [ app_init ] --END-- [ RunTime:0.004554s ]
ERR: 无法加载模块:Public

[ 2015-11-08T21:00:00+08:00 ] 127.0.0.1 /mymall/Public/Admin/images/bg/bg.png
INFO: [ app_init ] --START--
INFO: Run Behavior\BuildLiteBehavior [ RunTime:0.000052s ]
INFO: Run Common\Behavior\InitHookBehavior [ RunTime:0.003348s ]
INFO: [ app_init ] --END-- [ RunTime:0.004945s ]
ERR: 无法加载模块:Public

[ 2015-11-08T21:03:19+08:00 ] 127.0.0.1 /mymall/Public/Admin/css/.css
INFO: [ app_init ] --START--
INFO: Run Behavior\BuildLiteBehavior [ RunTime:0.000031s ]
SQL: SHOW COLUMNS FROM `my_hooks` [ RunTime:0.0032s ]
SQL: SELECT `name`,`addons` FROM `my_hooks`  [ RunTime:0.0003s ]
SQL: SHOW COLUMNS FROM `my_addons` [ RunTime:0.0032s ]
SQL: SELECT `id`,`name` FROM `my_addons` WHERE `status` = 1 AND `name` IN ('ReturnTop')  [ RunTime:0.0003s ]
SQL: SELECT `id`,`name` FROM `my_addons` WHERE `status` = 1 AND `name` IN ('Attachment')  [ RunTime:0.0002s ]
SQL: SELECT `id`,`name` FROM `my_addons` WHERE `status` = 1 AND `name` IN ('Attachment','SocialComment')  [ RunTime:0.0002s ]
SQL: SELECT `id`,`name` FROM `my_addons` WHERE `status` = 1 AND `name` IN ('Attachment')  [ RunTime:0.0002s ]
SQL: SELECT `id`,`name` FROM `my_addons` WHERE `status` = 1 AND `name` IN ('Editor')  [ RunTime:0.0002s ]
SQL: SELECT `id`,`name` FROM `my_addons` WHERE `status` = 1 AND `name` IN ('EditorForAdmin')  [ RunTime:0.0003s ]
SQL: SELECT `id`,`name` FROM `my_addons` WHERE `status` = 1 AND `name` IN ('SiteStat','SystemInfo','DevTeam')  [ RunTime:0.0002s ]
SQL: SELECT `id`,`name` FROM `my_addons` WHERE `status` = 1 AND `name` IN ('Editor')  [ RunTime:0.0002s ]
INFO: Run Common\Behavior\InitHookBehavior [ RunTime:0.022124s ]
INFO: [ app_init ] --END-- [ RunTime:0.022612s ]
ERR: 无法加载模块:Public

[ 2015-11-08T21:03:19+08:00 ] 127.0.0.1 /mymall/Public/Admin/images/bg/bg.png
INFO: [ app_init ] --START--
INFO: Run Behavior\BuildLiteBehavior [ RunTime:0.000036s ]
SQL: SHOW COLUMNS FROM `my_hooks` [ RunTime:0.0070s ]
SQL: SELECT `name`,`addons` FROM `my_hooks`  [ RunTime:0.0015s ]
SQL: SHOW COLUMNS FROM `my_addons` [ RunTime:0.0028s ]
SQL: SELECT `id`,`name` FROM `my_addons` WHERE `status` = 1 AND `name` IN ('ReturnTop')  [ RunTime:0.0003s ]
SQL: SELECT `id`,`name` FROM `my_addons` WHERE `status` = 1 AND `name` IN ('Attachment')  [ RunTime:0.0002s ]
SQL: SELECT `id`,`name` FROM `my_addons` WHERE `status` = 1 AND `name` IN ('Attachment','SocialComment')  [ RunTime:0.0002s ]
SQL: SELECT `id`,`name` FROM `my_addons` WHERE `status` = 1 AND `name` IN ('Attachment')  [ RunTime:0.0002s ]
SQL: SELECT `id`,`name` FROM `my_addons` WHERE `status` = 1 AND `name` IN ('Editor')  [ RunTime:0.0002s ]
SQL: SELECT `id`,`name` FROM `my_addons` WHERE `status` = 1 AND `name` IN ('EditorForAdmin')  [ RunTime:0.0005s ]
SQL: SELECT `id`,`name` FROM `my_addons` WHERE `status` = 1 AND `name` IN ('SiteStat','SystemInfo','DevTeam')  [ RunTime:0.0005s ]
SQL: SELECT `id`,`name` FROM `my_addons` WHERE `status` = 1 AND `name` IN ('Editor')  [ RunTime:0.0004s ]
INFO: Run Common\Behavior\InitHookBehavior [ RunTime:0.038451s ]
INFO: [ app_init ] --END-- [ RunTime:0.039082s ]
ERR: 无法加载模块:Public

[ 2015-11-08T21:04:10+08:00 ] 127.0.0.1 /mymall/Public/Admin/css/.css
INFO: [ app_init ] --START--
INFO: Run Behavior\BuildLiteBehavior [ RunTime:0.000020s ]
SQL: SHOW COLUMNS FROM `my_hooks` [ RunTime:0.0057s ]
SQL: SELECT `name`,`addons` FROM `my_hooks`  [ RunTime:0.0003s ]
SQL: SHOW COLUMNS FROM `my_addons` [ RunTime:0.0034s ]
SQL: SELECT `id`,`name` FROM `my_addons` WHERE `status` = 1 AND `name` IN ('ReturnTop')  [ RunTime:0.0002s ]
SQL: SELECT `id`,`name` FROM `my_addons` WHERE `status` = 1 AND `name` IN ('Attachment')  [ RunTime:0.0002s ]
SQL: SELECT `id`,`name` FROM `my_addons` WHERE `status` = 1 AND `name` IN ('Attachment','SocialComment')  [ RunTime:0.0001s ]
SQL: SELECT `id`,`name` FROM `my_addons` WHERE `status` = 1 AND `name` IN ('Attachment')  [ RunTime:0.0001s ]
SQL: SELECT `id`,`name` FROM `my_addons` WHERE `status` = 1 AND `name` IN ('Editor')  [ RunTime:0.0002s ]
SQL: SELECT `id`,`name` FROM `my_addons` WHERE `status` = 1 AND `name` IN ('EditorForAdmin')  [ RunTime:0.0002s ]
SQL: SELECT `id`,`name` FROM `my_addons` WHERE `status` = 1 AND `name` IN ('SiteStat','SystemInfo','DevTeam')  [ RunTime:0.0002s ]
SQL: SELECT `id`,`name` FROM `my_addons` WHERE `status` = 1 AND `name` IN ('Editor')  [ RunTime:0.0001s ]
INFO: Run Common\Behavior\InitHookBehavior [ RunTime:0.035550s ]
INFO: [ app_init ] --END-- [ RunTime:0.035962s ]
ERR: 无法加载模块:Public

[ 2015-11-08T22:11:05+08:00 ] 127.0.0.1 /mymall/Public/Admin/css/.css
INFO: [ app_init ] --START--
INFO: Run Behavior\BuildLiteBehavior [ RunTime:0.000020s ]
SQL: SHOW COLUMNS FROM `my_hooks` [ RunTime:0.0038s ]
SQL: SELECT `name`,`addons` FROM `my_hooks`  [ RunTime:0.0002s ]
SQL: SHOW COLUMNS FROM `my_addons` [ RunTime:0.0026s ]
SQL: SELECT `id`,`name` FROM `my_addons` WHERE `status` = 1 AND `name` IN ('ReturnTop')  [ RunTime:0.0002s ]
SQL: SELECT `id`,`name` FROM `my_addons` WHERE `status` = 1 AND `name` IN ('Attachment')  [ RunTime:0.0002s ]
SQL: SELECT `id`,`name` FROM `my_addons` WHERE `status` = 1 AND `name` IN ('Attachment','SocialComment')  [ RunTime:0.0002s ]
SQL: SELECT `id`,`name` FROM `my_addons` WHERE `status` = 1 AND `name` IN ('Attachment')  [ RunTime:0.0002s ]
SQL: SELECT `id`,`name` FROM `my_addons` WHERE `status` = 1 AND `name` IN ('Editor')  [ RunTime:0.0002s ]
SQL: SELECT `id`,`name` FROM `my_addons` WHERE `status` = 1 AND `name` IN ('EditorForAdmin')  [ RunTime:0.0002s ]
SQL: SELECT `id`,`name` FROM `my_addons` WHERE `status` = 1 AND `name` IN ('SiteStat','SystemInfo','DevTeam')  [ RunTime:0.0002s ]
SQL: SELECT `id`,`name` FROM `my_addons` WHERE `status` = 1 AND `name` IN ('Editor')  [ RunTime:0.0002s ]
INFO: Run Common\Behavior\InitHookBehavior [ RunTime:0.023249s ]
INFO: [ app_init ] --END-- [ RunTime:0.023647s ]
ERR: 无法加载模块:Public

[ 2015-11-08T22:11:38+08:00 ] 127.0.0.1 /mymall/Public/Admin/css/.css
INFO: [ app_init ] --START--
INFO: Run Behavior\BuildLiteBehavior [ RunTime:0.000021s ]
SQL: SHOW COLUMNS FROM `my_hooks` [ RunTime:0.0027s ]
SQL: SELECT `name`,`addons` FROM `my_hooks`  [ RunTime:0.0002s ]
SQL: SHOW COLUMNS FROM `my_addons` [ RunTime:0.0023s ]
SQL: SELECT `id`,`name` FROM `my_addons` WHERE `status` = 1 AND `name` IN ('ReturnTop')  [ RunTime:0.0002s ]
SQL: SELECT `id`,`name` FROM `my_addons` WHERE `status` = 1 AND `name` IN ('Attachment')  [ RunTime:0.0002s ]
SQL: SELECT `id`,`name` FROM `my_addons` WHERE `status` = 1 AND `name` IN ('Attachment','SocialComment')  [ RunTime:0.0002s ]
SQL: SELECT `id`,`name` FROM `my_addons` WHERE `status` = 1 AND `name` IN ('Attachment')  [ RunTime:0.0002s ]
SQL: SELECT `id`,`name` FROM `my_addons` WHERE `status` = 1 AND `name` IN ('Editor')  [ RunTime:0.0002s ]
SQL: SELECT `id`,`name` FROM `my_addons` WHERE `status` = 1 AND `name` IN ('EditorForAdmin')  [ RunTime:0.0002s ]
SQL: SELECT `id`,`name` FROM `my_addons` WHERE `status` = 1 AND `name` IN ('SiteStat','SystemInfo','DevTeam')  [ RunTime:0.0002s ]
SQL: SELECT `id`,`name` FROM `my_addons` WHERE `status` = 1 AND `name` IN ('Editor')  [ RunTime:0.0002s ]
INFO: Run Common\Behavior\InitHookBehavior [ RunTime:0.021702s ]
INFO: [ app_init ] --END-- [ RunTime:0.022133s ]
ERR: 无法加载模块:Public

[ 2015-11-08T22:11:47+08:00 ] 127.0.0.1 /mymall/Public/Admin/css/.css
INFO: [ app_init ] --START--
INFO: Run Behavior\BuildLiteBehavior [ RunTime:0.000027s ]
SQL: SHOW COLUMNS FROM `my_hooks` [ RunTime:0.0026s ]
SQL: SELECT `name`,`addons` FROM `my_hooks`  [ RunTime:0.0002s ]
SQL: SHOW COLUMNS FROM `my_addons` [ RunTime:0.0030s ]
SQL: SELECT `id`,`name` FROM `my_addons` WHERE `status` = 1 AND `name` IN ('ReturnTop')  [ RunTime:0.0005s ]
SQL: SELECT `id`,`name` FROM `my_addons` WHERE `status` = 1 AND `name` IN ('Attachment')  [ RunTime:0.0002s ]
SQL: SELECT `id`,`name` FROM `my_addons` WHERE `status` = 1 AND `name` IN ('Attachment','SocialComment')  [ RunTime:0.0002s ]
SQL: SELECT `id`,`name` FROM `my_addons` WHERE `status` = 1 AND `name` IN ('Attachment')  [ RunTime:0.0001s ]
SQL: SELECT `id`,`name` FROM `my_addons` WHERE `status` = 1 AND `name` IN ('Editor')  [ RunTime:0.0001s ]
SQL: SELECT `id`,`name` FROM `my_addons` WHERE `status` = 1 AND `name` IN ('EditorForAdmin')  [ RunTime:0.0002s ]
SQL: SELECT `id`,`name` FROM `my_addons` WHERE `status` = 1 AND `name` IN ('SiteStat','SystemInfo','DevTeam')  [ RunTime:0.0002s ]
SQL: SELECT `id`,`name` FROM `my_addons` WHERE `status` = 1 AND `name` IN ('Editor')  [ RunTime:0.0002s ]
INFO: Run Common\Behavior\InitHookBehavior [ RunTime:0.021760s ]
INFO: [ app_init ] --END-- [ RunTime:0.022385s ]
ERR: 无法加载模块:Public

[ 2015-11-08T22:12:46+08:00 ] 127.0.0.1 /mymall/Public/Admin/css/.css
INFO: [ app_init ] --START--
INFO: Run Behavior\BuildLiteBehavior [ RunTime:0.000021s ]
SQL: SHOW COLUMNS FROM `my_hooks` [ RunTime:0.0040s ]
SQL: SELECT `name`,`addons` FROM `my_hooks`  [ RunTime:0.0002s ]
SQL: SHOW COLUMNS FROM `my_addons` [ RunTime:0.0025s ]
SQL: SELECT `id`,`name` FROM `my_addons` WHERE `status` = 1 AND `name` IN ('ReturnTop')  [ RunTime:0.0002s ]
SQL: SELECT `id`,`name` FROM `my_addons` WHERE `status` = 1 AND `name` IN ('Attachment')  [ RunTime:0.0002s ]
SQL: SELECT `id`,`name` FROM `my_addons` WHERE `status` = 1 AND `name` IN ('Attachment','SocialComment')  [ RunTime:0.0002s ]
SQL: SELECT `id`,`name` FROM `my_addons` WHERE `status` = 1 AND `name` IN ('Attachment')  [ RunTime:0.0002s ]
SQL: SELECT `id`,`name` FROM `my_addons` WHERE `status` = 1 AND `name` IN ('Editor')  [ RunTime:0.0003s ]
SQL: SELECT `id`,`name` FROM `my_addons` WHERE `status` = 1 AND `name` IN ('EditorForAdmin')  [ RunTime:0.0002s ]
SQL: SELECT `id`,`name` FROM `my_addons` WHERE `status` = 1 AND `name` IN ('SiteStat','SystemInfo','DevTeam')  [ RunTime:0.0003s ]
SQL: SELECT `id`,`name` FROM `my_addons` WHERE `status` = 1 AND `name` IN ('Editor')  [ RunTime:0.0003s ]
INFO: Run Common\Behavior\InitHookBehavior [ RunTime:0.024236s ]
INFO: [ app_init ] --END-- [ RunTime:0.024680s ]
ERR: 无法加载模块:Public

[ 2015-11-08T22:12:54+08:00 ] 127.0.0.1 /mymall/Public/Admin/css/.css
INFO: [ app_init ] --START--
INFO: Run Behavior\BuildLiteBehavior [ RunTime:0.000019s ]
SQL: SHOW COLUMNS FROM `my_hooks` [ RunTime:0.0030s ]
SQL: SELECT `name`,`addons` FROM `my_hooks`  [ RunTime:0.0002s ]
SQL: SHOW COLUMNS FROM `my_addons` [ RunTime:0.0051s ]
SQL: SELECT `id`,`name` FROM `my_addons` WHERE `status` = 1 AND `name` IN ('ReturnTop')  [ RunTime:0.0003s ]
SQL: SELECT `id`,`name` FROM `my_addons` WHERE `status` = 1 AND `name` IN ('Attachment')  [ RunTime:0.0002s ]
SQL: SELECT `id`,`name` FROM `my_addons` WHERE `status` = 1 AND `name` IN ('Attachment','SocialComment')  [ RunTime:0.0002s ]
SQL: SELECT `id`,`name` FROM `my_addons` WHERE `status` = 1 AND `name` IN ('Attachment')  [ RunTime:0.0002s ]
SQL: SELECT `id`,`name` FROM `my_addons` WHERE `status` = 1 AND `name` IN ('Editor')  [ RunTime:0.0002s ]
SQL: SELECT `id`,`name` FROM `my_addons` WHERE `status` = 1 AND `name` IN ('EditorForAdmin')  [ RunTime:0.0002s ]
SQL: SELECT `id`,`name` FROM `my_addons` WHERE `status` = 1 AND `name` IN ('SiteStat','SystemInfo','DevTeam')  [ RunTime:0.0002s ]
SQL: SELECT `id`,`name` FROM `my_addons` WHERE `status` = 1 AND `name` IN ('Editor')  [ RunTime:0.0002s ]
INFO: Run Common\Behavior\InitHookBehavior [ RunTime:0.032257s ]
INFO: [ app_init ] --END-- [ RunTime:0.032660s ]
ERR: 无法加载模块:Public

[ 2015-11-08T22:13:16+08:00 ] 127.0.0.1 /mymall/Public/Admin/css/.css
INFO: [ app_init ] --START--
INFO: Run Behavior\BuildLiteBehavior [ RunTime:0.000018s ]
SQL: SHOW COLUMNS FROM `my_hooks` [ RunTime:0.0031s ]
SQL: SELECT `name`,`addons` FROM `my_hooks`  [ RunTime:0.0002s ]
SQL: SHOW COLUMNS FROM `my_addons` [ RunTime:0.0023s ]
SQL: SELECT `id`,`name` FROM `my_addons` WHERE `status` = 1 AND `name` IN ('ReturnTop')  [ RunTime:0.0002s ]
SQL: SELECT `id`,`name` FROM `my_addons` WHERE `status` = 1 AND `name` IN ('Attachment')  [ RunTime:0.0002s ]
SQL: SELECT `id`,`name` FROM `my_addons` WHERE `status` = 1 AND `name` IN ('Attachment','SocialComment')  [ RunTime:0.0002s ]
SQL: SELECT `id`,`name` FROM `my_addons` WHERE `status` = 1 AND `name` IN ('Attachment')  [ RunTime:0.0004s ]
SQL: SELECT `id`,`name` FROM `my_addons` WHERE `status` = 1 AND `name` IN ('Editor')  [ RunTime:0.0003s ]
SQL: SELECT `id`,`name` FROM `my_addons` WHERE `status` = 1 AND `name` IN ('EditorForAdmin')  [ RunTime:0.0004s ]
SQL: SELECT `id`,`name` FROM `my_addons` WHERE `status` = 1 AND `name` IN ('SiteStat','SystemInfo','DevTeam')  [ RunTime:0.0002s ]
SQL: SELECT `id`,`name` FROM `my_addons` WHERE `status` = 1 AND `name` IN ('Editor')  [ RunTime:0.0002s ]
INFO: Run Common\Behavior\InitHookBehavior [ RunTime:0.030223s ]
INFO: [ app_init ] --END-- [ RunTime:0.030607s ]
ERR: 无法加载模块:Public

